2024-05-22 21:45:04, north_entry, 36.69°C
2024-05-22 21:45:09, east_entry, 39.85°C. HERE QUARANTINE!!!
2024-05-22 21:45:14, west_entry, 39.03°C. HERE QUARANTINE!!!
2024-05-22 21:45:19, south_entry, 36.19°C
2024-05-22 21:45:24, north_entry, 37.34°C
2024-05-22 21:45:29, east_entry, 36.52°C
2024-05-22 21:45:34, west_entry, 39.69°C. HERE QUARANTINE!!!
2024-05-22 21:45:39, south_entry, 36.84°C
2024-05-22 21:45:44, north_entry, 38.01°C. HERE QUARANTINE!!!
2024-05-22 21:45:49, east_entry, 37.19°C
2024-05-22 21:45:54, west_entry, 36.36°C
2024-05-22 21:45:59, south_entry, 37.53°C. HERE QUARANTINE!!!
2024-05-22 21:46:04, north_entry, 36.69°C
2024-05-22 21:46:09, east_entry, 39.86°C. HERE QUARANTINE!!!
2024-05-22 21:46:14, west_entry, 37.02°C
2024-05-22 21:46:19, south_entry, 38.18°C. HERE QUARANTINE!!!
2024-05-22 21:46:24, north_entry, 37.36°C
2024-05-22 21:46:29, east_entry, 36.51°C
2024-05-22 21:46:34, west_entry, 39.69°C. HERE QUARANTINE!!!
2024-05-22 21:46:39, south_entry, 36.83°C
2024-05-22 21:46:44, north_entry, 36.02°C
2024-05-22 21:46:49, east_entry, 39.20°C. HERE QUARANTINE!!!
2024-05-22 21:46:54, west_entry, 38.36°C. HERE QUARANTINE!!!
2024-05-22 21:46:59, south_entry, 37.55°C. HERE QUARANTINE!!!
2024-05-22 21:47:04, north_entry, 38.69°C. HERE QUARANTINE!!!
2024-05-22 21:47:09, east_entry, 37.88°C. HERE QUARANTINE!!!
2024-05-22 21:47:14, west_entry, 37.04°C
2024-05-22 21:47:19, south_entry, 36.19°C
2024-05-22 21:47:24, north_entry, 39.36°C. HERE QUARANTINE!!!
2024-05-22 21:47:29, east_entry, 38.53°C. HERE QUARANTINE!!!
2024-05-22 21:47:34, west_entry, 39.71°C. HERE QUARANTINE!!!
2024-05-22 21:47:39, south_entry, 38.87°C. HERE QUARANTINE!!!
2024-05-22 21:47:44, north_entry, 36.03°C
2024-05-22 21:47:49, east_entry, 39.23°C. HERE QUARANTINE!!!
2024-05-22 21:47:54, west_entry, 36.39°C
2024-05-22 21:47:59, south_entry, 37.55°C. HERE QUARANTINE!!!
2024-05-22 21:48:04, north_entry, 38.70°C. HERE QUARANTINE!!!
2024-05-22 21:48:09, east_entry, 39.88°C. HERE QUARANTINE!!!
2024-05-22 21:48:14, west_entry, 37.06°C
2024-05-22 21:48:19, south_entry, 38.21°C. HERE QUARANTINE!!!
2024-05-22 21:48:24, north_entry, 39.38°C. HERE QUARANTINE!!!
2024-05-22 21:48:29, east_entry, 38.54°C. HERE QUARANTINE!!!
2024-05-22 21:48:34, west_entry, 39.72°C. HERE QUARANTINE!!!
2024-05-22 21:48:39, south_entry, 38.88°C. HERE QUARANTINE!!!
2024-05-22 21:48:44, north_entry, 36.05°C
2024-05-22 21:48:49, east_entry, 37.21°C
2024-05-22 21:48:54, west_entry, 38.39°C. HERE QUARANTINE!!!
2024-05-22 21:48:59, south_entry, 37.55°C. HERE QUARANTINE!!!
2024-05-22 21:49:04, north_entry, 38.74°C. HERE QUARANTINE!!!
2024-05-22 21:49:09, east_entry, 37.88°C. HERE QUARANTINE!!!
2024-05-22 21:49:14, west_entry, 37.06°C
2024-05-22 21:49:19, south_entry, 36.23°C
2024-05-22 21:49:24, north_entry, 39.39°C. HERE QUARANTINE!!!
2024-05-22 21:49:29, east_entry, 38.55°C. HERE QUARANTINE!!!
2024-05-22 21:49:34, west_entry, 39.72°C. HERE QUARANTINE!!!
2024-05-22 21:49:39, south_entry, 36.90°C
2024-05-22 21:49:44, north_entry, 38.06°C. HERE QUARANTINE!!!
2024-05-22 21:49:49, east_entry, 39.24°C. HERE QUARANTINE!!!
2024-05-22 21:49:54, west_entry, 38.40°C. HERE QUARANTINE!!!
2024-05-22 21:49:59, south_entry, 39.56°C. HERE QUARANTINE!!!
2024-05-22 21:50:04, north_entry, 38.73°C. HERE QUARANTINE!!!
2024-05-22 21:50:09, east_entry, 39.91°C. HERE QUARANTINE!!!
2024-05-22 21:50:14, west_entry, 39.07°C. HERE QUARANTINE!!!
2024-05-22 21:50:19, south_entry, 38.25°C. HERE QUARANTINE!!!
2024-05-22 21:50:24, north_entry, 39.40°C. HERE QUARANTINE!!!
2024-05-22 21:50:29, east_entry, 36.57°C
2024-05-22 21:50:34, west_entry, 39.73°C. HERE QUARANTINE!!!
2024-05-22 21:50:39, south_entry, 36.89°C
2024-05-22 21:50:44, north_entry, 36.08°C
2024-05-22 21:50:49, east_entry, 37.24°C
2024-05-22 21:50:54, west_entry, 36.40°C
2024-05-22 21:50:59, south_entry, 37.57°C. HERE QUARANTINE!!!
2024-05-22 21:51:04, north_entry, 36.74°C
2024-05-22 21:51:09, east_entry, 39.91°C. HERE QUARANTINE!!!
2024-05-22 21:51:14, west_entry, 39.10°C. HERE QUARANTINE!!!
2024-05-22 21:51:19, south_entry, 38.26°C. HERE QUARANTINE!!!
2024-05-22 21:51:24, north_entry, 37.41°C
2024-05-22 21:51:29, east_entry, 36.57°C
2024-05-22 21:51:34, west_entry, 39.75°C. HERE QUARANTINE!!!
2024-05-22 21:51:39, south_entry, 38.92°C. HERE QUARANTINE!!!
2024-05-22 21:51:44, north_entry, 36.08°C
2024-05-22 21:51:49, east_entry, 37.25°C
2024-05-22 21:51:54, west_entry, 36.41°C
2024-05-22 21:51:59, south_entry, 39.59°C. HERE QUARANTINE!!!
2024-05-22 21:52:04, north_entry, 36.77°C
2024-05-22 21:52:09, east_entry, 39.93°C. HERE QUARANTINE!!!
2024-05-22 21:52:14, west_entry, 39.10°C. HERE QUARANTINE!!!
2024-05-22 21:52:19, south_entry, 36.25°C
2024-05-22 21:52:24, north_entry, 37.42°C
2024-05-22 21:52:29, east_entry, 36.59°C
2024-05-22 21:52:34, west_entry, 37.74°C. HERE QUARANTINE!!!
2024-05-22 21:52:39, south_entry, 38.93°C. HERE QUARANTINE!!!
2024-05-22 21:52:44, north_entry, 38.10°C. HERE QUARANTINE!!!
2024-05-22 21:52:49, east_entry, 39.25°C. HERE QUARANTINE!!!
2024-05-22 21:52:54, west_entry, 36.43°C
2024-05-22 21:52:59, south_entry, 37.61°C. HERE QUARANTINE!!!
2024-05-22 21:53:04, north_entry, 36.77°C
2024-05-22 21:53:09, east_entry, 37.95°C. HERE QUARANTINE!!!
2024-05-22 21:53:14, west_entry, 37.10°C
2024-05-22 21:53:19, south_entry, 36.26°C
2024-05-22 21:53:24, north_entry, 37.43°C
2024-05-22 21:53:29, east_entry, 38.62°C. HERE QUARANTINE!!!
2024-05-22 21:53:34, west_entry, 39.77°C. HERE QUARANTINE!!!
2024-05-22 21:53:39, south_entry, 38.93°C. HERE QUARANTINE!!!
2024-05-22 21:53:44, north_entry, 38.11°C. HERE QUARANTINE!!!
2024-05-22 21:53:49, east_entry, 37.27°C
2024-05-22 21:53:58, north_entry, 36.19°C
2024-05-22 21:54:03, east_entry, 37.35°C
2024-05-22 21:54:08, west_entry, 38.50°C. HERE QUARANTINE!!!
2024-05-22 21:54:13, south_entry, 39.67°C. HERE QUARANTINE!!!
2024-05-22 21:54:18, north_entry, 38.85°C. HERE QUARANTINE!!!
2024-05-22 21:54:23, east_entry, 36.01°C
2024-05-22 21:54:28, west_entry, 39.18°C. HERE QUARANTINE!!!
2024-05-22 21:54:33, south_entry, 36.34°C
2024-05-22 21:54:38, north_entry, 37.51°C. HERE QUARANTINE!!!
2024-05-22 21:54:43, east_entry, 38.68°C. HERE QUARANTINE!!!
2024-05-22 21:54:48, west_entry, 39.85°C. HERE QUARANTINE!!!
2024-05-22 21:54:53, south_entry, 37.03°C
2024-05-22 21:54:58, north_entry, 36.19°C
2024-05-22 21:55:04, east_entry, 38.80°C. HERE QUARANTINE!!!
2024-05-22 21:55:09, west_entry, 39.94°C. HERE QUARANTINE!!!
2024-05-22 21:55:14, south_entry, 37.12°C
2024-05-22 21:55:19, north_entry, 38.28°C. HERE QUARANTINE!!!
2024-05-22 21:55:24, east_entry, 39.46°C. HERE QUARANTINE!!!
2024-05-22 21:55:29, west_entry, 38.62°C. HERE QUARANTINE!!!
2024-05-22 21:55:34, south_entry, 39.78°C. HERE QUARANTINE!!!
2024-05-22 21:55:39, north_entry, 36.97°C
2024-05-22 21:55:44, east_entry, 38.12°C. HERE QUARANTINE!!!
2024-05-22 21:55:49, west_entry, 37.31°C
2024-05-22 21:55:54, south_entry, 38.46°C. HERE QUARANTINE!!!
2024-05-22 21:55:59, north_entry, 37.62°C. HERE QUARANTINE!!!
2024-05-22 21:56:04, east_entry, 36.82°C
2024-05-22 21:56:09, west_entry, 39.97°C. HERE QUARANTINE!!!
2024-05-22 21:56:14, south_entry, 39.13°C. HERE QUARANTINE!!!
2024-05-22 21:56:19, north_entry, 36.30°C
2024-05-22 21:56:24, east_entry, 39.47°C. HERE QUARANTINE!!!
2024-05-22 21:56:29, west_entry, 36.64°C
2024-05-22 21:56:34, south_entry, 37.80°C. HERE QUARANTINE!!!
2024-05-22 21:56:39, north_entry, 38.98°C. HERE QUARANTINE!!!
2024-05-22 21:56:44, east_entry, 38.14°C. HERE QUARANTINE!!!
2024-05-22 21:56:49, west_entry, 39.30°C. HERE QUARANTINE!!!
2024-05-22 21:56:54, south_entry, 36.48°C
2024-05-22 21:56:59, north_entry, 37.63°C. HERE QUARANTINE!!!
2024-05-22 21:57:09, north_entry, 39.98°C. HERE QUARANTINE!!!
2024-05-22 21:57:31, north_entry, 37.51°C. HERE QUARANTINE!!!
2024-05-22 21:57:36, east_entry, 36.67°C
2024-05-22 21:57:41, west_entry, 37.84°C. HERE QUARANTINE!!!
2024-05-22 21:57:46, south_entry, 39.02°C. HERE QUARANTINE!!!
2024-05-22 21:57:51, north_entry, 38.19°C. HERE QUARANTINE!!!
2024-05-22 21:57:56, east_entry, 39.38°C. HERE QUARANTINE!!!
2024-05-22 21:58:01, west_entry, 38.52°C. HERE QUARANTINE!!!
2024-05-22 21:58:06, south_entry, 39.71°C. HERE QUARANTINE!!!
2024-05-22 21:58:11, north_entry, 38.86°C. HERE QUARANTINE!!!
2024-05-22 21:58:16, east_entry, 36.01°C
2024-05-22 21:58:21, west_entry, 39.17°C. HERE QUARANTINE!!!
2024-05-22 21:58:26, south_entry, 36.37°C
2024-05-22 21:58:31, north_entry, 37.52°C. HERE QUARANTINE!!!
2024-05-22 21:58:36, east_entry, 38.69°C. HERE QUARANTINE!!!
2024-05-22 21:58:41, west_entry, 39.88°C. HERE QUARANTINE!!!
2024-05-22 21:58:46, south_entry, 37.02°C
2024-05-22 21:58:51, north_entry, 36.20°C
2024-05-22 21:58:56, east_entry, 37.37°C
2024-05-22 21:59:01, west_entry, 38.55°C. HERE QUARANTINE!!!
2024-05-22 21:59:06, south_entry, 37.70°C. HERE QUARANTINE!!!
2024-05-22 21:59:11, north_entry, 36.87°C
2024-05-22 21:59:16, east_entry, 38.02°C. HERE QUARANTINE!!!
2024-05-22 21:59:21, west_entry, 37.20°C
2024-05-22 21:59:26, south_entry, 36.37°C
2024-05-27 21:53:18, north_entry, 38.97°C. HERE QUARANTINE!!!
2024-05-27 21:53:23, east_entry, 36.15°C
2024-05-27 21:53:28, west_entry, 39.31°C. HERE QUARANTINE!!!
2024-05-27 21:53:33, south_entry, 38.46°C. HERE QUARANTINE!!!
2024-05-27 21:53:38, north_entry, 39.64°C. HERE QUARANTINE!!!
2024-05-27 21:53:43, east_entry, 36.81°C
2024-05-27 21:53:48, west_entry, 39.99°C. HERE QUARANTINE!!!
2024-05-27 21:53:53, south_entry, 37.14°C
2024-05-27 21:53:58, north_entry, 38.31°C. HERE QUARANTINE!!!
2024-05-27 21:54:03, east_entry, 39.48°C. HERE QUARANTINE!!!
2024-05-27 21:54:08, west_entry, 38.65°C. HERE QUARANTINE!!!
2024-05-27 21:54:13, south_entry, 39.83°C. HERE QUARANTINE!!!
2024-05-27 21:54:18, north_entry, 36.98°C
2024-05-27 21:54:23, east_entry, 38.14°C. HERE QUARANTINE!!!
2024-05-27 21:54:28, west_entry, 39.34°C. HERE QUARANTINE!!!
2024-05-27 21:54:33, south_entry, 36.50°C
2024-05-27 21:54:38, north_entry, 39.64°C. HERE QUARANTINE!!!
