2024-05-22 21:14:52, north_entry, 37.15°C
2024-05-22 21:14:57, east_entry, 36.32°C
2024-05-22 21:15:02, west_entry, 37.47°C
2024-05-22 21:15:07, south_entry, 36.65°C
2024-05-22 21:15:12, north_entry, 39.80°C. HERE QUARANTINE!!!
2024-05-22 21:15:17, east_entry, 38.97°C. HERE QUARANTINE!!!
2024-05-22 21:15:22, west_entry, 36.15°C
2024-05-22 21:15:27, south_entry, 39.31°C. HERE QUARANTINE!!!
2024-05-22 21:16:01, north_entry, 36.05°C
2024-05-22 21:16:06, east_entry, 39.22°C. HERE QUARANTINE!!!
2024-05-22 21:16:11, west_entry, 38.38°C. HERE QUARANTINE!!!
2024-05-22 21:16:16, south_entry, 37.55°C. HERE QUARANTINE!!!
2024-05-22 21:16:21, north_entry, 36.71°C
2024-05-22 21:16:26, east_entry, 39.89°C. HERE QUARANTINE!!!
2024-05-22 21:16:31, west_entry, 37.06°C
2024-05-22 21:16:36, south_entry, 36.24°C
2024-05-22 21:16:41, north_entry, 39.40°C. HERE QUARANTINE!!!
2024-05-22 21:16:46, east_entry, 36.57°C
2024-05-22 21:16:51, west_entry, 37.72°C. HERE QUARANTINE!!!
2024-05-22 21:16:56, south_entry, 38.90°C. HERE QUARANTINE!!!
2024-05-22 21:17:01, north_entry, 36.08°C
2024-05-22 21:17:06, east_entry, 37.22°C
2024-05-22 21:17:11, west_entry, 36.40°C
2024-05-22 21:17:16, south_entry, 39.56°C. HERE QUARANTINE!!!
2024-05-22 21:17:21, north_entry, 36.74°C
2024-05-22 21:17:26, east_entry, 39.89°C. HERE QUARANTINE!!!
2024-05-22 21:17:31, west_entry, 39.09°C. HERE QUARANTINE!!!
2024-05-22 21:17:36, south_entry, 38.24°C. HERE QUARANTINE!!!
2024-05-22 21:17:41, north_entry, 37.40°C
2024-05-22 21:17:46, east_entry, 36.59°C
2024-05-22 21:17:51, west_entry, 39.73°C. HERE QUARANTINE!!!
2024-05-22 21:17:56, south_entry, 38.91°C. HERE QUARANTINE!!!
2024-05-22 21:18:01, north_entry, 36.06°C
2024-05-22 21:18:06, east_entry, 37.24°C
2024-05-22 21:18:11, west_entry, 36.40°C
2024-05-22 21:18:16, south_entry, 37.58°C. HERE QUARANTINE!!!
2024-05-22 21:18:21, north_entry, 38.74°C. HERE QUARANTINE!!!
2024-05-22 21:18:26, east_entry, 39.92°C. HERE QUARANTINE!!!
2024-05-22 21:18:31, west_entry, 39.10°C. HERE QUARANTINE!!!
2024-05-22 21:18:36, south_entry, 38.25°C. HERE QUARANTINE!!!
2024-05-22 21:18:41, north_entry, 37.41°C
2024-05-22 21:18:46, east_entry, 36.60°C
2024-05-22 21:18:51, west_entry, 37.75°C. HERE QUARANTINE!!!
2024-05-22 21:18:56, south_entry, 38.91°C. HERE QUARANTINE!!!
2024-05-22 21:19:01, north_entry, 38.08°C. HERE QUARANTINE!!!
2024-05-22 21:19:06, east_entry, 39.24°C. HERE QUARANTINE!!!
2024-05-22 21:19:11, west_entry, 36.43°C
2024-05-22 21:19:16, south_entry, 37.61°C. HERE QUARANTINE!!!
2024-05-22 21:19:21, north_entry, 36.74°C
2024-05-22 21:19:26, east_entry, 39.92°C. HERE QUARANTINE!!!
2024-05-22 21:19:31, west_entry, 37.11°C
2024-05-22 21:19:36, south_entry, 36.26°C
2024-05-22 21:19:41, north_entry, 37.43°C
2024-05-22 21:19:46, east_entry, 36.60°C
2024-05-22 21:19:51, west_entry, 39.76°C. HERE QUARANTINE!!!
2024-05-22 21:19:56, south_entry, 38.93°C. HERE QUARANTINE!!!
2024-05-22 21:20:01, north_entry, 36.12°C
2024-05-22 21:20:06, east_entry, 37.25°C
2024-05-22 21:20:11, west_entry, 36.42°C
2024-05-22 21:20:16, south_entry, 39.60°C. HERE QUARANTINE!!!
2024-05-22 21:20:21, north_entry, 38.77°C. HERE QUARANTINE!!!
2024-05-22 21:20:26, east_entry, 39.93°C. HERE QUARANTINE!!!
2024-05-22 21:20:31, west_entry, 39.09°C. HERE QUARANTINE!!!
2024-05-22 21:20:36, south_entry, 38.26°C. HERE QUARANTINE!!!
2024-05-22 21:20:41, north_entry, 39.45°C. HERE QUARANTINE!!!
2024-05-22 21:20:46, east_entry, 36.61°C
2024-05-22 21:20:51, west_entry, 39.77°C. HERE QUARANTINE!!!
2024-05-22 21:20:56, south_entry, 38.95°C. HERE QUARANTINE!!!
2024-05-22 21:21:01, north_entry, 36.11°C
2024-05-22 21:21:06, east_entry, 39.28°C. HERE QUARANTINE!!!
2024-05-22 21:21:11, west_entry, 38.44°C. HERE QUARANTINE!!!
2024-05-22 21:21:16, south_entry, 37.62°C. HERE QUARANTINE!!!
2024-05-22 21:21:21, north_entry, 36.79°C
2024-05-22 21:21:26, east_entry, 37.95°C. HERE QUARANTINE!!!
2024-05-22 21:21:31, west_entry, 37.12°C
2024-05-22 21:21:36, south_entry, 38.29°C. HERE QUARANTINE!!!
2024-05-22 21:21:41, north_entry, 37.44°C
2024-05-22 21:21:46, east_entry, 36.64°C
2024-05-22 21:21:51, west_entry, 39.80°C. HERE QUARANTINE!!!
2024-05-22 21:21:56, south_entry, 36.94°C
2024-05-22 21:22:01, north_entry, 36.13°C
2024-05-22 21:22:06, east_entry, 39.28°C. HERE QUARANTINE!!!
2024-05-22 21:22:11, west_entry, 38.46°C. HERE QUARANTINE!!!
2024-05-22 21:22:16, south_entry, 39.62°C. HERE QUARANTINE!!!
2024-05-22 21:22:21, north_entry, 36.80°C
2024-05-22 21:22:26, east_entry, 39.96°C. HERE QUARANTINE!!!
2024-05-22 21:22:31, west_entry, 37.12°C
2024-05-22 21:22:36, south_entry, 36.31°C
2024-05-22 21:22:41, north_entry, 39.46°C. HERE QUARANTINE!!!
2024-05-22 21:22:46, east_entry, 36.63°C
2024-05-22 21:22:51, west_entry, 39.81°C. HERE QUARANTINE!!!
2024-05-22 21:22:56, south_entry, 38.96°C. HERE QUARANTINE!!!
2024-05-22 21:23:01, north_entry, 36.14°C
2024-05-22 21:23:06, east_entry, 37.29°C
2024-05-22 21:23:11, west_entry, 38.46°C. HERE QUARANTINE!!!
2024-05-22 21:23:16, south_entry, 39.63°C. HERE QUARANTINE!!!
2024-05-22 21:23:21, north_entry, 38.79°C. HERE QUARANTINE!!!
2024-05-22 21:23:26, east_entry, 37.97°C. HERE QUARANTINE!!!
2024-05-22 21:23:31, west_entry, 39.15°C. HERE QUARANTINE!!!
2024-05-22 21:23:36, south_entry, 38.31°C. HERE QUARANTINE!!!
2024-05-22 21:23:41, north_entry, 37.47°C
2024-05-22 21:23:46, east_entry, 38.66°C. HERE QUARANTINE!!!
2024-05-22 21:23:51, west_entry, 37.81°C. HERE QUARANTINE!!!
2024-05-22 21:23:56, south_entry, 38.95°C. HERE QUARANTINE!!!
2024-05-22 21:24:01, north_entry, 38.14°C. HERE QUARANTINE!!!
2024-05-22 21:24:06, east_entry, 39.33°C. HERE QUARANTINE!!!
2024-05-22 21:24:11, west_entry, 38.46°C. HERE QUARANTINE!!!
2024-05-22 21:24:16, south_entry, 37.64°C. HERE QUARANTINE!!!
2024-05-22 21:24:21, north_entry, 36.81°C
2024-05-22 21:24:26, east_entry, 39.99°C. HERE QUARANTINE!!!
2024-05-22 21:24:31, west_entry, 37.16°C
2024-05-22 21:24:36, south_entry, 36.31°C
2024-05-22 21:24:41, north_entry, 39.49°C. HERE QUARANTINE!!!
2024-05-22 21:24:46, east_entry, 38.64°C. HERE QUARANTINE!!!
2024-05-22 21:24:51, west_entry, 37.83°C. HERE QUARANTINE!!!
2024-05-22 21:24:56, south_entry, 36.97°C
2024-05-22 21:25:01, north_entry, 38.13°C. HERE QUARANTINE!!!
2024-05-22 21:25:06, east_entry, 39.31°C. HERE QUARANTINE!!!
2024-05-22 21:25:11, west_entry, 36.49°C
2024-05-22 21:25:16, south_entry, 37.67°C. HERE QUARANTINE!!!
2024-05-22 21:25:21, north_entry, 36.82°C
2024-05-22 21:25:26, east_entry, 39.99°C. HERE QUARANTINE!!!
2024-05-22 21:25:31, west_entry, 37.17°C
2024-05-22 21:25:36, south_entry, 38.35°C. HERE QUARANTINE!!!
2024-05-22 21:25:41, north_entry, 37.50°C
2024-05-22 21:25:46, east_entry, 36.66°C
2024-05-22 21:25:51, west_entry, 37.83°C. HERE QUARANTINE!!!
2024-05-22 21:25:56, south_entry, 39.00°C. HERE QUARANTINE!!!
2024-05-22 21:26:01, north_entry, 38.16°C. HERE QUARANTINE!!!
2024-05-22 21:26:06, east_entry, 37.32°C
2024-05-22 21:26:11, west_entry, 36.50°C
2024-05-22 21:26:16, south_entry, 39.68°C. HERE QUARANTINE!!!
2024-05-22 21:26:21, north_entry, 36.84°C
2024-05-22 21:26:26, east_entry, 36.00°C
2024-05-22 21:26:31, west_entry, 39.15°C. HERE QUARANTINE!!!
2024-05-22 21:26:36, south_entry, 36.34°C
2024-05-22 21:26:41, north_entry, 39.51°C. HERE QUARANTINE!!!
2024-05-22 21:26:46, east_entry, 36.67°C
2024-05-22 21:26:51, west_entry, 39.83°C. HERE QUARANTINE!!!
2024-05-22 21:26:56, south_entry, 39.01°C. HERE QUARANTINE!!!
2024-05-22 21:27:01, north_entry, 36.17°C
2024-05-22 21:27:06, east_entry, 37.33°C
2024-05-22 21:27:11, west_entry, 38.52°C. HERE QUARANTINE!!!
2024-05-22 21:27:16, south_entry, 39.68°C. HERE QUARANTINE!!!
2024-05-22 21:27:21, north_entry, 36.84°C
2024-05-22 21:27:26, east_entry, 36.02°C
2024-05-22 21:27:31, west_entry, 39.19°C. HERE QUARANTINE!!!
2024-05-22 21:27:36, south_entry, 36.34°C
2024-05-22 21:27:41, north_entry, 39.52°C. HERE QUARANTINE!!!
2024-05-22 21:27:46, east_entry, 36.68°C
2024-05-22 21:27:51, west_entry, 37.85°C. HERE QUARANTINE!!!
2024-05-22 21:27:56, south_entry, 37.01°C
2024-05-22 21:28:01, north_entry, 38.19°C. HERE QUARANTINE!!!
2024-05-22 21:28:06, east_entry, 39.36°C. HERE QUARANTINE!!!
2024-05-22 21:28:11, west_entry, 36.52°C
2024-05-22 21:28:16, south_entry, 37.69°C. HERE QUARANTINE!!!
2024-05-22 21:28:21, north_entry, 36.86°C
2024-05-22 21:28:26, east_entry, 38.03°C. HERE QUARANTINE!!!
2024-05-22 21:28:31, west_entry, 37.19°C
2024-05-22 21:28:36, south_entry, 38.36°C. HERE QUARANTINE!!!
2024-05-22 21:28:41, north_entry, 37.52°C. HERE QUARANTINE!!!
2024-05-22 21:28:46, east_entry, 38.70°C. HERE QUARANTINE!!!
2024-05-22 21:28:51, west_entry, 37.88°C. HERE QUARANTINE!!!
2024-05-22 21:28:56, south_entry, 37.04°C
2024-05-22 21:29:01, north_entry, 36.21°C
2024-05-22 21:29:06, east_entry, 37.35°C
2024-05-22 21:29:11, west_entry, 36.53°C
2024-05-22 21:29:16, south_entry, 37.70°C. HERE QUARANTINE!!!
2024-05-22 21:29:21, north_entry, 36.86°C
2024-05-22 21:29:26, east_entry, 38.04°C. HERE QUARANTINE!!!
2024-05-22 21:29:31, west_entry, 39.20°C. HERE QUARANTINE!!!
2024-05-22 21:29:36, south_entry, 38.35°C. HERE QUARANTINE!!!
2024-05-22 21:29:41, north_entry, 37.56°C. HERE QUARANTINE!!!
2024-05-22 21:29:46, east_entry, 36.73°C
2024-05-22 21:29:51, west_entry, 37.86°C. HERE QUARANTINE!!!
2024-05-22 21:29:56, south_entry, 39.05°C. HERE QUARANTINE!!!
2024-05-22 21:30:01, north_entry, 38.22°C. HERE QUARANTINE!!!
2024-05-22 21:30:06, east_entry, 37.39°C
2024-05-22 21:30:11, west_entry, 38.54°C. HERE QUARANTINE!!!
2024-05-22 21:30:16, south_entry, 37.71°C. HERE QUARANTINE!!!
2024-05-22 21:30:21, north_entry, 36.86°C
2024-05-22 21:30:26, east_entry, 38.06°C. HERE QUARANTINE!!!
2024-05-22 21:30:31, west_entry, 37.23°C
2024-05-22 21:30:36, south_entry, 36.39°C
2024-05-22 21:30:41, north_entry, 39.56°C. HERE QUARANTINE!!!
2024-05-22 21:30:46, east_entry, 38.71°C. HERE QUARANTINE!!!
2024-05-22 21:30:51, west_entry, 37.90°C. HERE QUARANTINE!!!
2024-05-22 21:30:56, south_entry, 37.06°C
2024-05-22 21:31:01, north_entry, 36.21°C
2024-05-22 21:31:06, east_entry, 37.38°C
2024-05-22 21:31:11, west_entry, 36.56°C
2024-05-22 21:31:16, south_entry, 37.72°C. HERE QUARANTINE!!!
2024-05-22 21:31:21, north_entry, 38.86°C. HERE QUARANTINE!!!
2024-05-22 21:31:26, east_entry, 36.06°C
2024-05-22 21:31:31, west_entry, 39.24°C. HERE QUARANTINE!!!
2024-05-22 21:31:36, south_entry, 36.40°C
2024-05-22 21:31:41, north_entry, 37.57°C. HERE QUARANTINE!!!
2024-05-22 21:31:46, east_entry, 38.71°C. HERE QUARANTINE!!!
2024-05-22 21:31:51, west_entry, 39.89°C. HERE QUARANTINE!!!
2024-05-22 21:31:56, south_entry, 39.08°C. HERE QUARANTINE!!!
2024-05-22 21:32:01, north_entry, 36.23°C
2024-05-22 21:32:06, east_entry, 37.39°C
2024-05-22 21:32:11, west_entry, 36.55°C
2024-05-22 21:32:16, south_entry, 37.74°C. HERE QUARANTINE!!!
2024-05-22 21:32:21, north_entry, 38.91°C. HERE QUARANTINE!!!
2024-05-22 21:32:26, east_entry, 38.06°C. HERE QUARANTINE!!!
2024-05-22 21:32:31, west_entry, 37.24°C
2024-05-22 21:32:36, south_entry, 38.41°C. HERE QUARANTINE!!!
2024-05-22 21:32:41, north_entry, 39.57°C. HERE QUARANTINE!!!
2024-05-22 21:32:46, east_entry, 38.75°C. HERE QUARANTINE!!!
2024-05-22 21:32:51, west_entry, 37.91°C. HERE QUARANTINE!!!
2024-05-22 21:32:56, south_entry, 37.08°C
2024-05-22 21:33:01, north_entry, 36.23°C
2024-05-22 21:33:06, east_entry, 37.42°C
2024-05-22 21:33:11, west_entry, 36.57°C
2024-05-22 21:33:16, south_entry, 37.74°C. HERE QUARANTINE!!!
2024-05-22 21:33:21, north_entry, 38.93°C. HERE QUARANTINE!!!
2024-05-22 21:33:26, east_entry, 36.07°C
2024-05-22 21:33:31, west_entry, 39.25°C. HERE QUARANTINE!!!
2024-05-22 21:33:36, south_entry, 38.41°C. HERE QUARANTINE!!!
2024-05-22 21:33:41, north_entry, 39.59°C. HERE QUARANTINE!!!
2024-05-22 21:33:46, east_entry, 36.76°C
2024-05-22 21:33:51, west_entry, 37.92°C. HERE QUARANTINE!!!
2024-05-22 21:33:56, south_entry, 37.07°C
2024-05-22 21:34:01, north_entry, 36.26°C
2024-05-22 21:34:06, east_entry, 37.43°C
2024-05-22 21:34:11, west_entry, 36.58°C
2024-05-22 21:34:16, south_entry, 37.77°C. HERE QUARANTINE!!!
2024-05-22 21:34:21, north_entry, 36.93°C
2024-05-22 21:34:26, east_entry, 36.09°C
2024-05-22 21:34:31, west_entry, 37.27°C
2024-05-22 21:34:36, south_entry, 38.43°C. HERE QUARANTINE!!!
2024-05-22 21:34:41, north_entry, 39.57°C. HERE QUARANTINE!!!
2024-05-22 21:34:46, east_entry, 36.77°C
2024-05-22 21:34:51, west_entry, 39.95°C. HERE QUARANTINE!!!
2024-05-22 21:34:56, south_entry, 37.10°C
2024-05-22 21:35:01, north_entry, 38.28°C. HERE QUARANTINE!!!
2024-05-22 21:35:06, east_entry, 39.44°C. HERE QUARANTINE!!!
2024-05-22 21:35:11, west_entry, 38.59°C. HERE QUARANTINE!!!
2024-05-22 21:35:16, south_entry, 39.78°C. HERE QUARANTINE!!!
2024-05-22 21:35:21, north_entry, 38.94°C. HERE QUARANTINE!!!
2024-05-22 21:35:26, east_entry, 36.09°C
2024-05-22 21:35:31, west_entry, 39.26°C. HERE QUARANTINE!!!
2024-05-22 21:35:36, south_entry, 36.43°C
2024-05-22 21:35:41, north_entry, 39.60°C. HERE QUARANTINE!!!
2024-05-22 21:35:46, east_entry, 38.77°C. HERE QUARANTINE!!!
2024-05-22 21:35:51, west_entry, 39.95°C. HERE QUARANTINE!!!
2024-05-22 21:35:56, south_entry, 37.11°C
2024-05-22 21:36:01, north_entry, 38.28°C. HERE QUARANTINE!!!
2024-05-22 21:36:06, east_entry, 37.44°C
2024-05-22 21:36:11, west_entry, 38.59°C. HERE QUARANTINE!!!
2024-05-22 21:36:16, south_entry, 37.78°C. HERE QUARANTINE!!!
2024-05-22 21:36:21, north_entry, 38.95°C. HERE QUARANTINE!!!
2024-05-22 21:36:26, east_entry, 38.10°C. HERE QUARANTINE!!!
2024-05-22 21:36:31, west_entry, 37.29°C
2024-05-22 21:36:36, south_entry, 38.45°C. HERE QUARANTINE!!!
2024-05-22 21:36:41, north_entry, 39.61°C. HERE QUARANTINE!!!
2024-05-22 21:36:46, east_entry, 36.78°C
2024-05-22 21:36:51, west_entry, 39.97°C. HERE QUARANTINE!!!
2024-05-22 21:36:56, south_entry, 39.11°C. HERE QUARANTINE!!!
2024-05-22 21:37:01, north_entry, 36.29°C
2024-05-22 21:37:06, east_entry, 37.45°C
2024-05-22 21:37:11, west_entry, 38.62°C. HERE QUARANTINE!!!
2024-05-22 21:37:16, south_entry, 37.79°C. HERE QUARANTINE!!!
2024-05-22 21:37:21, north_entry, 36.95°C
2024-05-22 21:37:26, east_entry, 38.12°C. HERE QUARANTINE!!!
2024-05-22 21:37:31, west_entry, 39.29°C. HERE QUARANTINE!!!
2024-05-22 21:37:36, south_entry, 36.46°C
2024-05-22 21:37:41, north_entry, 37.64°C. HERE QUARANTINE!!!
2024-05-22 21:37:46, east_entry, 38.80°C. HERE QUARANTINE!!!
2024-05-22 21:37:51, west_entry, 39.96°C. HERE QUARANTINE!!!
2024-05-22 21:37:56, south_entry, 39.14°C. HERE QUARANTINE!!!
2024-05-22 21:38:01, north_entry, 38.31°C. HERE QUARANTINE!!!
2024-05-22 21:38:06, east_entry, 37.46°C
2024-05-22 21:38:11, west_entry, 36.61°C
2024-05-22 21:38:16, south_entry, 39.80°C. HERE QUARANTINE!!!
2024-05-22 21:38:21, north_entry, 38.97°C. HERE QUARANTINE!!!
2024-05-22 21:38:26, east_entry, 36.14°C
2024-05-22 21:38:31, west_entry, 39.31°C. HERE QUARANTINE!!!
2024-05-22 21:38:36, south_entry, 38.47°C. HERE QUARANTINE!!!
2024-05-22 21:38:41, north_entry, 39.65°C. HERE QUARANTINE!!!
2024-05-22 21:38:46, east_entry, 36.82°C
2024-05-22 21:38:51, west_entry, 37.97°C. HERE QUARANTINE!!!
2024-05-22 21:38:56, south_entry, 39.14°C. HERE QUARANTINE!!!
2024-05-22 21:39:01, north_entry, 36.30°C
2024-05-22 21:39:06, east_entry, 37.48°C
2024-05-22 21:39:11, west_entry, 36.65°C
2024-05-22 21:39:16, south_entry, 37.79°C. HERE QUARANTINE!!!
2024-05-22 21:39:21, north_entry, 37.00°C
2024-05-22 21:39:26, east_entry, 38.15°C. HERE QUARANTINE!!!
2024-05-22 21:39:31, west_entry, 39.31°C. HERE QUARANTINE!!!
2024-05-22 21:39:36, south_entry, 36.48°C
2024-05-22 21:39:41, north_entry, 37.66°C. HERE QUARANTINE!!!
2024-05-22 21:39:46, east_entry, 36.82°C
2024-05-22 21:39:51, west_entry, 39.99°C. HERE QUARANTINE!!!
2024-05-22 21:39:56, south_entry, 37.16°C
2024-05-22 21:40:01, north_entry, 36.32°C
2024-05-22 21:40:06, east_entry, 37.47°C
2024-05-22 21:40:11, west_entry, 36.68°C
2024-05-22 21:40:16, south_entry, 37.82°C. HERE QUARANTINE!!!
2024-05-22 21:40:21, north_entry, 36.98°C
2024-05-22 21:40:26, east_entry, 38.16°C. HERE QUARANTINE!!!
2024-05-22 21:40:31, west_entry, 39.32°C. HERE QUARANTINE!!!
2024-05-22 21:40:36, south_entry, 36.50°C
2024-05-22 21:40:41, north_entry, 39.67°C. HERE QUARANTINE!!!
2024-05-22 21:40:46, east_entry, 36.84°C
2024-05-22 21:40:51, west_entry, 36.00°C
2024-05-22 21:40:56, south_entry, 39.17°C. HERE QUARANTINE!!!
2024-05-22 21:41:01, north_entry, 38.32°C. HERE QUARANTINE!!!
2024-05-22 21:41:06, east_entry, 39.50°C. HERE QUARANTINE!!!
2024-05-22 21:41:11, west_entry, 38.68°C. HERE QUARANTINE!!!
2024-05-22 21:41:16, south_entry, 37.85°C. HERE QUARANTINE!!!
2024-05-22 21:41:21, north_entry, 39.01°C. HERE QUARANTINE!!!
2024-05-22 21:41:26, east_entry, 36.18°C
2024-05-22 21:41:31, west_entry, 39.34°C. HERE QUARANTINE!!!
2024-05-22 21:41:36, south_entry, 36.50°C
2024-05-22 21:41:41, north_entry, 37.67°C. HERE QUARANTINE!!!
2024-05-22 21:41:46, east_entry, 38.84°C. HERE QUARANTINE!!!
2024-05-22 21:41:51, west_entry, 38.00°C. HERE QUARANTINE!!!
2024-05-22 21:41:56, south_entry, 39.18°C. HERE QUARANTINE!!!
2024-05-22 21:42:01, north_entry, 36.36°C
2024-05-22 21:42:06, east_entry, 37.50°C. HERE QUARANTINE!!!
2024-05-22 21:42:11, west_entry, 36.68°C
2024-05-22 21:42:16, south_entry, 37.85°C. HERE QUARANTINE!!!
2024-05-22 21:42:21, north_entry, 39.01°C. HERE QUARANTINE!!!
2024-05-22 21:42:26, east_entry, 38.17°C. HERE QUARANTINE!!!
2024-05-22 21:42:31, west_entry, 39.36°C. HERE QUARANTINE!!!
2024-05-22 21:42:36, south_entry, 38.51°C. HERE QUARANTINE!!!
2024-05-22 21:42:41, north_entry, 39.67°C. HERE QUARANTINE!!!
2024-05-22 21:42:46, east_entry, 38.86°C. HERE QUARANTINE!!!
2024-05-22 21:42:51, west_entry, 36.03°C
2024-05-22 21:42:56, south_entry, 39.20°C. HERE QUARANTINE!!!
2024-05-22 21:43:01, north_entry, 38.35°C. HERE QUARANTINE!!!
2024-05-22 21:43:06, east_entry, 37.53°C. HERE QUARANTINE!!!
2024-05-22 21:43:11, west_entry, 36.67°C
2024-05-23 16:17:00, north_entry, 39.30°C. HERE QUARANTINE!!!
2024-05-23 16:17:05, east_entry, 36.49°C
2024-05-23 16:17:16, north_entry, 36.26°C
2024-05-23 16:17:21, east_entry, 39.42°C. HERE QUARANTINE!!!
2024-05-23 16:17:26, west_entry, 38.57°C. HERE QUARANTINE!!!
2024-05-23 16:17:31, south_entry, 37.77°C. HERE QUARANTINE!!!
2024-05-23 16:17:36, north_entry, 36.92°C
2024-05-23 16:17:41, east_entry, 38.08°C. HERE QUARANTINE!!!
2024-05-23 16:17:46, west_entry, 39.26°C. HERE QUARANTINE!!!
2024-05-23 16:17:51, south_entry, 38.43°C. HERE QUARANTINE!!!
2024-05-23 16:17:56, north_entry, 37.59°C. HERE QUARANTINE!!!
2024-05-23 16:18:01, east_entry, 38.75°C. HERE QUARANTINE!!!
2024-05-23 16:18:06, west_entry, 39.93°C. HERE QUARANTINE!!!
2024-05-23 16:18:11, south_entry, 37.10°C
2024-05-23 16:18:16, north_entry, 36.27°C
2024-05-23 16:18:21, east_entry, 39.41°C. HERE QUARANTINE!!!
2024-05-23 16:18:26, west_entry, 36.59°C
2024-05-23 16:18:31, south_entry, 39.79°C. HERE QUARANTINE!!!
2024-05-23 16:18:36, north_entry, 36.94°C
2024-05-23 16:18:41, east_entry, 38.11°C. HERE QUARANTINE!!!
2024-05-23 16:18:46, west_entry, 39.26°C. HERE QUARANTINE!!!
2024-05-23 16:18:51, south_entry, 38.43°C. HERE QUARANTINE!!!
2024-05-23 16:18:56, north_entry, 37.60°C. HERE QUARANTINE!!!
2024-05-23 16:19:01, east_entry, 38.78°C. HERE QUARANTINE!!!
2024-05-23 16:19:06, west_entry, 37.92°C. HERE QUARANTINE!!!
2024-05-23 16:19:11, south_entry, 37.09°C
2024-05-23 16:19:16, north_entry, 38.29°C. HERE QUARANTINE!!!
2024-05-24 18:18:56, north_entry, 36.98°C
2024-05-24 18:19:01, east_entry, 38.14°C. HERE QUARANTINE!!!
2024-05-24 18:19:06, west_entry, 39.31°C. HERE QUARANTINE!!!
2024-05-24 18:19:11, south_entry, 38.48°C. HERE QUARANTINE!!!
2024-05-24 18:19:16, north_entry, 37.64°C. HERE QUARANTINE!!!
2024-05-24 18:19:21, east_entry, 36.79°C
2024-05-24 18:19:26, west_entry, 37.98°C. HERE QUARANTINE!!!
2024-05-24 18:19:31, south_entry, 37.14°C
2024-05-24 18:19:36, north_entry, 38.32°C. HERE QUARANTINE!!!
2024-05-24 18:19:41, east_entry, 37.48°C
2024-05-24 18:19:46, west_entry, 36.65°C
2024-05-24 18:19:51, south_entry, 37.82°C. HERE QUARANTINE!!!
2024-05-24 18:19:56, north_entry, 36.98°C
2024-05-24 18:20:01, east_entry, 38.17°C. HERE QUARANTINE!!!
2024-05-24 18:20:06, west_entry, 39.32°C. HERE QUARANTINE!!!
2024-05-24 18:43:30, north_entry, 39.98°C. HERE QUARANTINE!!!
2024-05-24 18:43:35, east_entry, 37.15°C
2024-05-24 18:43:40, west_entry, 38.32°C. HERE QUARANTINE!!!
2024-05-24 18:43:45, south_entry, 37.50°C
2024-05-24 18:43:50, north_entry, 36.65°C
2024-05-24 18:43:55, east_entry, 37.83°C. HERE QUARANTINE!!!
2024-05-24 18:55:41, north_entry, 37.88°C. HERE QUARANTINE!!!
2024-05-24 18:55:46, east_entry, 39.05°C. HERE QUARANTINE!!!
2024-05-24 18:55:51, west_entry, 36.19°C
2024-05-24 18:55:56, south_entry, 37.38°C
2024-05-24 18:56:01, north_entry, 36.56°C
2024-05-24 18:56:06, east_entry, 37.72°C. HERE QUARANTINE!!!
2024-05-24 18:56:11, west_entry, 36.88°C
2024-05-24 18:56:16, south_entry, 38.05°C. HERE QUARANTINE!!!
2024-05-24 18:56:21, north_entry, 37.21°C
2024-05-24 18:56:26, east_entry, 38.39°C. HERE QUARANTINE!!!
2024-05-24 18:56:31, west_entry, 37.54°C. HERE QUARANTINE!!!
2024-05-24 18:56:36, south_entry, 36.74°C
2024-05-24 18:56:41, north_entry, 39.89°C. HERE QUARANTINE!!!
2024-05-24 18:56:46, east_entry, 37.06°C
2024-05-24 18:56:51, west_entry, 38.23°C. HERE QUARANTINE!!!
2024-05-24 18:56:56, south_entry, 37.39°C
2024-05-24 18:57:01, north_entry, 38.56°C. HERE QUARANTINE!!!
2024-05-24 18:57:06, east_entry, 37.72°C. HERE QUARANTINE!!!
2024-05-24 18:57:11, west_entry, 38.90°C. HERE QUARANTINE!!!
2024-05-24 18:57:16, south_entry, 36.07°C
2024-05-24 18:57:21, north_entry, 39.22°C. HERE QUARANTINE!!!
2024-05-24 18:57:26, east_entry, 38.41°C. HERE QUARANTINE!!!
2024-05-24 18:57:31, west_entry, 39.57°C. HERE QUARANTINE!!!
2024-05-24 18:57:36, south_entry, 36.73°C
2024-05-24 18:57:41, north_entry, 37.90°C. HERE QUARANTINE!!!
2024-05-24 18:57:46, east_entry, 39.07°C. HERE QUARANTINE!!!
2024-05-24 18:57:51, west_entry, 36.25°C
2024-05-24 18:57:56, south_entry, 37.40°C
2024-05-24 18:58:01, north_entry, 38.57°C. HERE QUARANTINE!!!
2024-05-24 18:58:06, east_entry, 37.75°C. HERE QUARANTINE!!!
2024-05-24 18:58:11, west_entry, 38.90°C. HERE QUARANTINE!!!
2024-05-24 18:58:16, south_entry, 38.07°C. HERE QUARANTINE!!!
2024-05-24 18:58:21, north_entry, 39.26°C. HERE QUARANTINE!!!
2024-05-24 18:58:26, east_entry, 36.41°C
2024-05-24 18:58:31, west_entry, 37.57°C. HERE QUARANTINE!!!
2024-05-24 18:58:36, south_entry, 36.74°C
2024-05-24 18:58:41, north_entry, 39.91°C. HERE QUARANTINE!!!
2024-05-24 18:58:46, east_entry, 37.07°C
2024-05-24 18:58:51, west_entry, 36.24°C
2024-05-24 18:58:56, south_entry, 37.42°C
2024-05-24 18:59:01, north_entry, 36.58°C
2024-05-24 18:59:06, east_entry, 39.75°C. HERE QUARANTINE!!!
2024-05-24 18:59:11, west_entry, 36.93°C
2024-05-24 18:59:16, south_entry, 36.08°C
2024-05-24 18:59:21, north_entry, 39.26°C. HERE QUARANTINE!!!
2024-05-24 18:59:26, east_entry, 36.44°C
2024-05-24 18:59:31, west_entry, 39.59°C. HERE QUARANTINE!!!
2024-05-24 18:59:36, south_entry, 36.74°C
2024-05-24 18:59:41, north_entry, 37.92°C. HERE QUARANTINE!!!
2024-05-24 18:59:46, east_entry, 37.10°C
2024-05-24 18:59:51, west_entry, 36.26°C
2024-05-24 18:59:56, south_entry, 37.42°C
2024-05-24 19:00:01, north_entry, 38.59°C. HERE QUARANTINE!!!
2024-05-24 19:00:06, east_entry, 39.76°C. HERE QUARANTINE!!!
2024-05-24 19:00:11, west_entry, 38.95°C. HERE QUARANTINE!!!
2024-05-24 19:00:16, south_entry, 38.08°C. HERE QUARANTINE!!!
2024-05-24 19:00:21, north_entry, 37.27°C
2024-05-24 19:00:26, east_entry, 36.44°C
2024-05-24 19:00:31, west_entry, 39.59°C. HERE QUARANTINE!!!
2024-05-24 19:00:36, south_entry, 36.78°C
2024-05-24 19:00:41, north_entry, 39.93°C. HERE QUARANTINE!!!
2024-05-24 19:00:46, east_entry, 37.08°C
2024-05-24 19:00:51, west_entry, 38.27°C. HERE QUARANTINE!!!
2024-05-24 19:00:56, south_entry, 37.46°C
2024-05-24 19:01:01, north_entry, 38.60°C. HERE QUARANTINE!!!
2024-05-24 19:01:06, east_entry, 39.77°C. HERE QUARANTINE!!!
2024-05-24 19:01:11, west_entry, 36.94°C
2024-05-24 19:01:16, south_entry, 36.11°C
2024-05-24 19:01:21, north_entry, 37.27°C
2024-05-24 19:01:26, east_entry, 36.44°C
2024-05-24 19:01:31, west_entry, 37.61°C. HERE QUARANTINE!!!
2024-05-24 19:01:36, south_entry, 36.78°C
2024-05-24 19:01:41, north_entry, 37.93°C. HERE QUARANTINE!!!
2024-05-24 19:01:46, east_entry, 39.09°C. HERE QUARANTINE!!!
2024-05-24 19:01:51, west_entry, 36.27°C
2024-05-24 19:01:56, south_entry, 39.45°C. HERE QUARANTINE!!!
2024-05-24 19:02:01, north_entry, 36.62°C
2024-05-24 19:02:06, east_entry, 37.80°C. HERE QUARANTINE!!!
2024-05-24 19:02:11, west_entry, 38.94°C. HERE QUARANTINE!!!
2024-05-24 19:02:16, south_entry, 36.12°C
2024-05-24 19:02:21, north_entry, 37.29°C
2024-05-24 19:02:26, east_entry, 36.45°C
2024-05-24 19:02:31, west_entry, 39.61°C. HERE QUARANTINE!!!
2024-05-24 19:02:36, south_entry, 36.79°C
2024-05-24 19:03:26, north_entry, 38.47°C. HERE QUARANTINE!!!
2024-05-24 19:03:31, east_entry, 37.63°C. HERE QUARANTINE!!!
2024-05-24 19:03:36, west_entry, 38.81°C. HERE QUARANTINE!!!
2024-05-24 19:03:41, south_entry, 39.97°C. HERE QUARANTINE!!!
2024-05-24 19:03:46, north_entry, 37.14°C
2024-05-24 19:03:51, east_entry, 36.30°C
2024-05-24 19:03:56, west_entry, 39.46°C. HERE QUARANTINE!!!
2024-05-24 19:04:01, south_entry, 36.64°C
2024-05-24 19:04:06, north_entry, 39.80°C. HERE QUARANTINE!!!
2024-05-24 19:04:11, east_entry, 36.97°C
2024-05-24 19:04:16, west_entry, 38.15°C. HERE QUARANTINE!!!
2024-05-24 19:04:21, south_entry, 39.31°C. HERE QUARANTINE!!!
2024-05-24 19:04:26, north_entry, 36.48°C
2024-05-24 19:04:31, east_entry, 39.65°C. HERE QUARANTINE!!!
2024-05-24 19:04:36, west_entry, 38.81°C. HERE QUARANTINE!!!
2024-05-24 19:04:41, south_entry, 39.99°C. HERE QUARANTINE!!!
2024-05-24 19:04:46, north_entry, 37.13°C
2024-05-24 19:04:51, east_entry, 38.31°C. HERE QUARANTINE!!!
2024-05-24 19:04:56, west_entry, 39.49°C. HERE QUARANTINE!!!
2024-05-24 19:05:01, south_entry, 36.64°C
2024-05-24 19:05:06, north_entry, 37.82°C. HERE QUARANTINE!!!
2024-05-24 19:05:11, east_entry, 36.97°C
2024-05-24 19:05:16, west_entry, 38.15°C. HERE QUARANTINE!!!
2024-05-24 19:05:21, south_entry, 37.32°C
2024-05-24 19:05:26, north_entry, 38.50°C. HERE QUARANTINE!!!
2024-05-24 19:05:31, east_entry, 37.66°C. HERE QUARANTINE!!!
2024-05-24 19:05:36, west_entry, 38.81°C. HERE QUARANTINE!!!
2024-05-24 19:05:41, south_entry, 39.99°C. HERE QUARANTINE!!!
2024-05-24 19:05:46, north_entry, 37.16°C
2024-05-24 19:05:51, east_entry, 36.33°C
2024-05-24 19:05:56, west_entry, 37.49°C
2024-05-24 19:06:01, south_entry, 38.65°C. HERE QUARANTINE!!!
2024-05-24 19:06:06, north_entry, 39.81°C. HERE QUARANTINE!!!
2024-05-24 19:06:11, east_entry, 38.98°C. HERE QUARANTINE!!!
2024-05-24 19:06:16, west_entry, 36.16°C
2024-05-24 19:06:21, south_entry, 39.34°C. HERE QUARANTINE!!!
2024-05-24 19:06:26, north_entry, 38.49°C. HERE QUARANTINE!!!
2024-05-24 19:06:31, east_entry, 37.69°C. HERE QUARANTINE!!!
2024-05-24 19:06:36, west_entry, 38.84°C. HERE QUARANTINE!!!
2024-05-24 19:06:41, south_entry, 37.99°C. HERE QUARANTINE!!!
2024-05-24 19:06:46, north_entry, 37.16°C
2024-05-24 19:06:51, east_entry, 38.34°C. HERE QUARANTINE!!!
2024-05-24 19:06:56, west_entry, 37.52°C. HERE QUARANTINE!!!
2024-05-24 19:07:01, south_entry, 38.65°C. HERE QUARANTINE!!!
2024-05-24 19:07:06, north_entry, 37.85°C. HERE QUARANTINE!!!
2024-05-24 19:07:11, east_entry, 37.01°C
2024-05-24 19:07:16, west_entry, 36.18°C
2024-05-24 19:07:21, south_entry, 37.36°C
2024-05-24 19:07:26, north_entry, 38.52°C. HERE QUARANTINE!!!
2024-05-24 19:07:31, east_entry, 39.68°C. HERE QUARANTINE!!!
2024-05-24 19:07:36, west_entry, 36.85°C
2024-05-24 19:07:41, south_entry, 38.01°C. HERE QUARANTINE!!!
2024-05-24 19:07:46, north_entry, 37.16°C
2024-05-24 19:07:51, east_entry, 38.33°C. HERE QUARANTINE!!!
2024-05-24 19:07:56, west_entry, 39.51°C. HERE QUARANTINE!!!
2024-05-24 19:08:01, south_entry, 38.69°C. HERE QUARANTINE!!!
2024-05-24 19:08:06, north_entry, 37.85°C. HERE QUARANTINE!!!
2024-05-24 19:08:11, east_entry, 39.01°C. HERE QUARANTINE!!!
2024-05-24 19:08:16, west_entry, 38.17°C. HERE QUARANTINE!!!
2024-05-24 19:08:21, south_entry, 37.36°C
2024-05-24 19:08:26, north_entry, 36.54°C
2024-05-24 19:08:31, east_entry, 37.68°C. HERE QUARANTINE!!!
2024-05-24 19:08:36, west_entry, 36.85°C
2024-05-24 19:08:41, south_entry, 38.02°C. HERE QUARANTINE!!!
2024-05-24 19:08:46, north_entry, 37.19°C
2024-05-24 19:08:51, east_entry, 38.37°C. HERE QUARANTINE!!!
2024-05-24 19:08:56, west_entry, 37.51°C. HERE QUARANTINE!!!
2024-05-24 19:09:01, south_entry, 38.70°C. HERE QUARANTINE!!!
2024-05-24 19:09:06, north_entry, 39.87°C. HERE QUARANTINE!!!
2024-05-24 19:09:11, east_entry, 39.03°C. HERE QUARANTINE!!!
2024-05-24 19:09:16, west_entry, 36.19°C
2024-05-24 19:09:21, south_entry, 37.36°C
2024-05-24 19:09:26, north_entry, 36.54°C
2024-05-24 19:09:37, north_entry, 38.31°C. HERE QUARANTINE!!!
2024-05-24 19:09:42, east_entry, 39.48°C. HERE QUARANTINE!!!
2024-05-24 19:09:47, west_entry, 36.64°C
2024-05-24 19:09:52, south_entry, 39.82°C. HERE QUARANTINE!!!
2024-05-24 19:09:57, north_entry, 36.96°C
2024-05-24 19:10:02, east_entry, 38.12°C. HERE QUARANTINE!!!
2024-05-24 19:10:07, west_entry, 39.31°C. HERE QUARANTINE!!!
2024-05-24 19:10:12, south_entry, 38.48°C. HERE QUARANTINE!!!
2024-05-24 19:10:17, north_entry, 37.64°C. HERE QUARANTINE!!!
2024-05-24 19:10:22, east_entry, 36.79°C
2024-05-24 19:10:27, west_entry, 39.97°C. HERE QUARANTINE!!!
2024-05-24 19:10:32, south_entry, 37.15°C
2024-05-24 19:10:37, north_entry, 36.32°C
2024-05-24 19:10:42, east_entry, 37.47°C
2024-05-24 19:10:47, west_entry, 36.66°C
2024-05-24 19:10:52, south_entry, 37.82°C. HERE QUARANTINE!!!
2024-05-24 19:10:57, north_entry, 36.98°C
2024-05-24 19:11:02, east_entry, 38.16°C. HERE QUARANTINE!!!
2024-05-24 19:11:07, west_entry, 39.30°C. HERE QUARANTINE!!!
2024-05-24 19:11:12, south_entry, 36.48°C
2024-05-24 19:11:17, north_entry, 37.66°C. HERE QUARANTINE!!!
2024-05-24 19:11:22, east_entry, 36.82°C
2024-05-24 19:11:27, west_entry, 39.97°C. HERE QUARANTINE!!!
2024-05-24 19:11:32, south_entry, 39.16°C. HERE QUARANTINE!!!
2024-05-24 19:11:37, north_entry, 36.33°C
2024-05-24 19:11:42, east_entry, 37.49°C
2024-05-24 19:11:47, west_entry, 36.65°C
2024-05-24 19:11:52, south_entry, 37.83°C. HERE QUARANTINE!!!
2024-05-24 19:11:57, north_entry, 38.99°C. HERE QUARANTINE!!!
2024-05-24 19:12:02, east_entry, 38.16°C. HERE QUARANTINE!!!
2024-05-24 19:12:07, west_entry, 37.33°C
2024-05-24 19:12:12, south_entry, 38.49°C. HERE QUARANTINE!!!
2024-05-24 19:12:18, north_entry, 39.11°C. HERE QUARANTINE!!!
2024-05-24 19:12:23, east_entry, 38.27°C. HERE QUARANTINE!!!
2024-05-24 19:12:28, west_entry, 37.44°C
2024-05-24 19:12:33, south_entry, 36.60°C
2024-05-24 19:12:38, north_entry, 39.77°C. HERE QUARANTINE!!!
2024-05-24 19:12:43, east_entry, 38.94°C. HERE QUARANTINE!!!
2024-05-24 19:12:48, west_entry, 38.09°C. HERE QUARANTINE!!!
2024-05-24 19:12:53, south_entry, 39.26°C. HERE QUARANTINE!!!
2024-05-24 19:12:58, north_entry, 36.46°C
2024-05-24 19:13:03, east_entry, 37.61°C. HERE QUARANTINE!!!
2024-05-24 19:13:08, west_entry, 38.78°C. HERE QUARANTINE!!!
2024-05-24 19:13:13, south_entry, 39.95°C. HERE QUARANTINE!!!
2024-05-24 19:13:18, north_entry, 39.10°C. HERE QUARANTINE!!!
2024-05-24 19:13:23, east_entry, 38.27°C. HERE QUARANTINE!!!
2024-05-24 19:13:28, west_entry, 37.45°C
2024-05-24 19:13:33, south_entry, 36.61°C
2024-05-24 19:13:38, north_entry, 39.77°C. HERE QUARANTINE!!!
2024-05-24 19:13:43, east_entry, 38.94°C. HERE QUARANTINE!!!
2024-05-24 19:13:48, west_entry, 38.12°C. HERE QUARANTINE!!!
2024-05-24 19:13:53, south_entry, 37.28°C
2024-05-24 19:13:58, north_entry, 38.45°C. HERE QUARANTINE!!!
2024-05-24 19:14:03, east_entry, 37.62°C. HERE QUARANTINE!!!
2024-05-24 19:14:08, west_entry, 38.78°C. HERE QUARANTINE!!!
2024-05-24 19:14:13, south_entry, 39.95°C. HERE QUARANTINE!!!
2024-05-24 19:14:18, north_entry, 39.13°C. HERE QUARANTINE!!!
2024-05-24 19:14:23, east_entry, 38.28°C. HERE QUARANTINE!!!
2024-05-24 19:14:28, west_entry, 37.44°C
2024-05-24 19:14:33, south_entry, 36.60°C
2024-05-24 19:14:38, north_entry, 39.79°C. HERE QUARANTINE!!!
2024-05-24 19:14:43, east_entry, 36.97°C
2024-05-24 19:14:48, west_entry, 36.10°C
2024-05-24 19:14:53, south_entry, 37.30°C
2024-05-24 19:14:58, north_entry, 38.45°C. HERE QUARANTINE!!!
2024-05-24 19:15:03, east_entry, 37.63°C. HERE QUARANTINE!!!
2024-05-24 19:15:08, west_entry, 38.80°C. HERE QUARANTINE!!!
2024-05-24 19:15:13, south_entry, 37.96°C. HERE QUARANTINE!!!
2024-05-24 19:15:18, north_entry, 37.13°C
2024-05-24 19:15:23, east_entry, 38.30°C. HERE QUARANTINE!!!
2024-05-24 19:15:28, west_entry, 37.48°C
2024-05-24 19:15:33, south_entry, 36.63°C
2024-05-24 19:15:38, north_entry, 37.79°C. HERE QUARANTINE!!!
2024-05-24 19:15:43, east_entry, 38.98°C. HERE QUARANTINE!!!
2024-05-24 19:15:48, west_entry, 38.14°C. HERE QUARANTINE!!!
2024-05-24 19:15:53, south_entry, 39.31°C. HERE QUARANTINE!!!
2024-05-24 19:15:58, north_entry, 38.46°C. HERE QUARANTINE!!!
2024-05-24 19:16:03, east_entry, 37.63°C. HERE QUARANTINE!!!
2024-05-24 19:16:08, west_entry, 38.81°C. HERE QUARANTINE!!!
2024-05-24 19:16:13, south_entry, 39.97°C. HERE QUARANTINE!!!
2024-05-24 19:16:18, north_entry, 37.14°C
2024-05-24 19:16:23, east_entry, 36.29°C
2024-05-24 19:16:28, west_entry, 37.47°C
2024-05-24 19:16:33, south_entry, 36.67°C
2024-05-24 19:16:38, north_entry, 39.80°C. HERE QUARANTINE!!!
2024-05-24 19:16:43, east_entry, 36.97°C
2024-05-24 19:16:48, west_entry, 38.15°C. HERE QUARANTINE!!!
2024-05-24 19:16:53, south_entry, 39.32°C. HERE QUARANTINE!!!
2024-05-24 19:16:58, north_entry, 38.48°C. HERE QUARANTINE!!!
2024-05-24 19:17:03, east_entry, 39.64°C. HERE QUARANTINE!!!
2024-05-24 19:17:08, west_entry, 36.82°C
2024-05-24 19:17:13, south_entry, 39.98°C. HERE QUARANTINE!!!
2024-05-24 19:17:18, north_entry, 39.17°C. HERE QUARANTINE!!!
2024-05-24 19:17:23, east_entry, 38.33°C. HERE QUARANTINE!!!
2024-05-24 19:17:28, west_entry, 37.49°C
2024-05-24 19:17:33, south_entry, 36.67°C
2024-05-24 19:17:38, north_entry, 37.81°C. HERE QUARANTINE!!!
2024-05-24 19:17:43, east_entry, 36.99°C
2024-05-24 19:17:48, west_entry, 36.17°C
2024-05-24 19:17:53, south_entry, 39.32°C. HERE QUARANTINE!!!
2024-05-24 19:17:58, north_entry, 36.50°C
2024-05-24 19:18:03, east_entry, 37.67°C. HERE QUARANTINE!!!
2024-05-24 19:18:08, west_entry, 38.81°C. HERE QUARANTINE!!!
2024-05-24 19:18:13, south_entry, 36.00°C
2024-05-24 19:18:18, north_entry, 37.18°C
2024-05-24 19:18:23, east_entry, 38.34°C. HERE QUARANTINE!!!
2024-05-24 19:18:28, west_entry, 37.50°C
2024-05-24 19:18:33, south_entry, 38.68°C. HERE QUARANTINE!!!
2024-05-24 19:18:38, north_entry, 39.83°C. HERE QUARANTINE!!!
2024-05-24 19:18:43, east_entry, 38.99°C. HERE QUARANTINE!!!
2024-05-24 19:18:48, west_entry, 36.17°C
2024-05-24 19:18:53, south_entry, 37.32°C
2024-05-24 19:18:58, north_entry, 36.51°C
2024-05-24 19:19:03, east_entry, 39.68°C. HERE QUARANTINE!!!
2024-05-24 19:19:08, west_entry, 38.84°C. HERE QUARANTINE!!!
2024-05-24 19:19:13, south_entry, 38.00°C. HERE QUARANTINE!!!
2024-05-24 19:19:18, north_entry, 37.18°C
2024-05-24 19:19:23, east_entry, 38.35°C. HERE QUARANTINE!!!
2024-05-24 19:19:28, west_entry, 37.51°C. HERE QUARANTINE!!!
2024-05-24 19:19:33, south_entry, 36.67°C
2024-05-24 19:19:38, north_entry, 39.84°C. HERE QUARANTINE!!!
2024-05-24 19:19:43, east_entry, 39.01°C. HERE QUARANTINE!!!
2024-05-24 19:19:48, west_entry, 38.17°C. HERE QUARANTINE!!!
2024-05-24 19:19:53, south_entry, 39.33°C. HERE QUARANTINE!!!
2024-05-24 19:19:58, north_entry, 36.54°C
2024-05-24 19:20:03, east_entry, 39.69°C. HERE QUARANTINE!!!
2024-05-24 19:20:08, west_entry, 38.85°C. HERE QUARANTINE!!!
2024-05-24 19:20:13, south_entry, 36.03°C
2024-05-24 19:20:18, north_entry, 39.19°C. HERE QUARANTINE!!!
2024-05-24 19:20:23, east_entry, 36.35°C
2024-05-24 19:20:28, west_entry, 39.51°C. HERE QUARANTINE!!!
2024-05-24 19:20:33, south_entry, 36.69°C
2024-05-24 19:20:38, north_entry, 39.85°C. HERE QUARANTINE!!!
2024-05-24 19:20:43, east_entry, 37.03°C
2024-05-24 19:20:48, west_entry, 36.19°C
2024-05-24 19:20:53, south_entry, 37.37°C
2024-05-24 19:20:58, north_entry, 38.52°C. HERE QUARANTINE!!!
2024-05-24 19:21:03, east_entry, 37.70°C. HERE QUARANTINE!!!
2024-05-24 19:21:08, west_entry, 36.87°C
2024-05-24 19:21:13, south_entry, 38.03°C. HERE QUARANTINE!!!
2024-05-24 19:21:18, north_entry, 37.19°C
2024-05-24 19:21:23, east_entry, 38.38°C. HERE QUARANTINE!!!
2024-05-24 19:21:28, west_entry, 37.54°C. HERE QUARANTINE!!!
2024-05-24 19:21:33, south_entry, 38.69°C. HERE QUARANTINE!!!
2024-05-24 19:21:38, north_entry, 39.86°C. HERE QUARANTINE!!!
2024-05-24 19:21:43, east_entry, 39.03°C. HERE QUARANTINE!!!
2024-05-24 19:21:48, west_entry, 36.22°C
2024-05-24 19:21:53, south_entry, 39.37°C. HERE QUARANTINE!!!
2024-05-24 19:21:58, north_entry, 36.54°C
2024-05-24 19:22:03, east_entry, 39.70°C. HERE QUARANTINE!!!
2024-05-24 19:22:08, west_entry, 38.89°C. HERE QUARANTINE!!!
2024-05-24 19:22:13, south_entry, 38.06°C. HERE QUARANTINE!!!
2024-05-24 19:22:18, north_entry, 37.20°C
2024-05-24 19:22:23, east_entry, 38.37°C. HERE QUARANTINE!!!
2024-05-24 19:22:28, west_entry, 37.53°C. HERE QUARANTINE!!!
2024-05-24 19:22:33, south_entry, 36.71°C
2024-05-24 19:22:38, north_entry, 39.88°C. HERE QUARANTINE!!!
2024-05-24 19:22:43, east_entry, 39.03°C. HERE QUARANTINE!!!
2024-05-24 19:22:48, west_entry, 38.23°C. HERE QUARANTINE!!!
2024-05-24 19:22:53, south_entry, 37.40°C
2024-05-24 19:22:58, north_entry, 38.55°C. HERE QUARANTINE!!!
2024-05-25 01:02:03, east_entry, 39.49°C. HERE QUARANTINE!!!
2024-05-25 01:02:08, west_entry, 36.65°C
2024-05-25 01:02:13, south_entry, 39.83°C. HERE QUARANTINE!!!
2024-05-25 22:30:23, north_entry, 38.50°C. HERE QUARANTINE!!!
2024-05-25 22:30:28, east_entry, 37.66°C. HERE QUARANTINE!!!
2024-05-25 22:30:33, west_entry, 36.83°C
2024-05-25 22:30:38, south_entry, 37.99°C. HERE QUARANTINE!!!
2024-05-25 22:30:43, north_entry, 37.18°C
2024-05-25 22:30:48, east_entry, 38.36°C. HERE QUARANTINE!!!
2024-05-25 22:30:53, west_entry, 37.51°C. HERE QUARANTINE!!!
2024-05-25 22:30:58, south_entry, 38.67°C. HERE QUARANTINE!!!
2024-05-25 22:31:03, north_entry, 39.85°C. HERE QUARANTINE!!!
2024-05-25 22:31:08, east_entry, 39.02°C. HERE QUARANTINE!!!
2024-05-25 22:31:13, west_entry, 38.16°C. HERE QUARANTINE!!!
2024-05-25 22:31:18, south_entry, 39.35°C. HERE QUARANTINE!!!
2024-05-25 22:31:23, north_entry, 36.51°C
2024-05-25 22:31:28, east_entry, 39.67°C. HERE QUARANTINE!!!
2024-05-25 22:31:33, west_entry, 38.86°C. HERE QUARANTINE!!!
2024-05-25 22:31:38, south_entry, 36.00°C
2024-05-25 22:31:43, north_entry, 39.19°C. HERE QUARANTINE!!!
2024-05-25 22:31:48, east_entry, 38.37°C. HERE QUARANTINE!!!
2024-05-25 22:31:53, west_entry, 39.51°C. HERE QUARANTINE!!!
2024-05-25 22:31:58, south_entry, 38.69°C. HERE QUARANTINE!!!
2024-05-25 22:32:03, north_entry, 39.85°C. HERE QUARANTINE!!!
2024-05-25 22:32:08, east_entry, 39.02°C. HERE QUARANTINE!!!
2024-05-25 22:32:13, west_entry, 38.19°C. HERE QUARANTINE!!!
2024-05-25 22:32:18, south_entry, 39.36°C. HERE QUARANTINE!!!
2024-05-25 22:32:23, north_entry, 38.52°C. HERE QUARANTINE!!!
2024-05-25 22:32:28, east_entry, 39.69°C. HERE QUARANTINE!!!
2024-05-25 22:32:33, west_entry, 38.87°C. HERE QUARANTINE!!!
2024-05-25 22:32:38, south_entry, 38.03°C. HERE QUARANTINE!!!
2024-05-25 22:32:43, north_entry, 37.19°C
2024-05-25 22:32:48, east_entry, 36.35°C
2024-05-25 22:32:53, west_entry, 37.53°C. HERE QUARANTINE!!!
2024-05-25 22:32:58, south_entry, 38.70°C. HERE QUARANTINE!!!
2024-05-25 22:33:03, north_entry, 37.86°C. HERE QUARANTINE!!!
2024-05-25 22:33:08, east_entry, 37.01°C
2024-05-25 22:33:13, west_entry, 38.20°C. HERE QUARANTINE!!!
2024-05-25 22:33:18, south_entry, 37.36°C
2024-05-25 22:33:23, north_entry, 38.53°C. HERE QUARANTINE!!!
2024-05-25 22:33:28, east_entry, 37.68°C. HERE QUARANTINE!!!
2024-05-25 22:33:33, west_entry, 36.86°C
2024-05-25 22:33:38, south_entry, 36.05°C
2024-05-25 22:33:43, north_entry, 39.20°C. HERE QUARANTINE!!!
2024-05-25 22:33:48, east_entry, 36.35°C
2024-05-25 22:33:53, west_entry, 39.53°C. HERE QUARANTINE!!!
2024-05-25 22:33:58, south_entry, 36.71°C
2024-05-25 22:34:03, north_entry, 37.88°C. HERE QUARANTINE!!!
2024-05-25 22:34:08, east_entry, 39.06°C. HERE QUARANTINE!!!
2024-05-25 22:34:13, west_entry, 38.20°C. HERE QUARANTINE!!!
2024-05-25 22:34:18, south_entry, 37.38°C
2024-05-25 22:34:23, north_entry, 38.54°C. HERE QUARANTINE!!!
2024-05-25 22:34:27, north_entry, 38.29°C. HERE QUARANTINE!!!
2024-05-25 22:34:32, east_entry, 39.44°C. HERE QUARANTINE!!!
2024-05-25 22:34:37, west_entry, 38.64°C. HERE QUARANTINE!!!
2024-05-25 22:34:42, south_entry, 39.79°C. HERE QUARANTINE!!!
2024-05-25 22:34:47, north_entry, 36.95°C
2024-05-25 22:34:52, east_entry, 36.11°C
2024-05-25 22:34:57, west_entry, 39.29°C. HERE QUARANTINE!!!
2024-05-25 22:35:02, south_entry, 36.45°C
2024-05-25 22:35:07, north_entry, 39.61°C. HERE QUARANTINE!!!
2024-05-25 22:35:12, east_entry, 36.79°C
2024-05-25 22:35:17, west_entry, 39.95°C. HERE QUARANTINE!!!
2024-05-25 22:35:22, south_entry, 37.13°C
2024-05-25 22:35:27, north_entry, 38.29°C. HERE QUARANTINE!!!
2024-05-25 22:35:32, east_entry, 37.45°C
2024-05-25 22:35:37, west_entry, 38.62°C. HERE QUARANTINE!!!
2024-05-25 22:35:42, south_entry, 37.80°C. HERE QUARANTINE!!!
2024-05-25 22:35:47, north_entry, 36.95°C
2024-05-25 22:35:52, east_entry, 38.12°C. HERE QUARANTINE!!!
2024-05-25 22:35:57, west_entry, 39.28°C. HERE QUARANTINE!!!
2024-05-25 22:36:02, south_entry, 38.46°C. HERE QUARANTINE!!!
2024-05-25 22:36:07, north_entry, 37.66°C. HERE QUARANTINE!!!
2024-05-25 22:36:12, east_entry, 38.78°C. HERE QUARANTINE!!!
2024-05-25 22:36:29, north_entry, 37.17°C
2024-05-25 22:36:34, east_entry, 38.32°C. HERE QUARANTINE!!!
2024-05-25 22:36:39, west_entry, 37.52°C. HERE QUARANTINE!!!
2024-05-25 22:36:44, south_entry, 36.69°C
2024-05-25 22:36:49, north_entry, 37.82°C. HERE QUARANTINE!!!
2024-05-25 22:36:54, east_entry, 37.02°C
2024-05-25 22:36:59, west_entry, 36.18°C
2024-05-25 22:37:04, north_entry, 39.35°C. HERE QUARANTINE!!!
2024-05-25 22:37:09, east_entry, 36.50°C
2024-05-25 22:37:14, west_entry, 37.68°C. HERE QUARANTINE!!!
2024-05-25 22:37:19, south_entry, 36.84°C
2024-05-25 22:37:24, north_entry, 38.01°C. HERE QUARANTINE!!!
2024-05-25 22:37:29, east_entry, 37.19°C
2024-05-25 22:38:08, north_entry, 39.08°C. HERE QUARANTINE!!!
2024-05-25 22:38:13, east_entry, 36.25°C
2024-05-25 22:38:18, west_entry, 37.42°C
2024-05-25 22:38:23, south_entry, 36.58°C
2024-05-25 22:38:28, north_entry, 37.77°C. HERE QUARANTINE!!!
2024-05-27 21:39:45, north_entry, 39.52°C. HERE QUARANTINE!!!
2024-05-27 21:39:50, east_entry, 36.68°C
2024-05-27 21:39:55, west_entry, 37.85°C. HERE QUARANTINE!!!
2024-05-27 21:40:00, south_entry, 37.03°C
2024-05-27 21:40:05, north_entry, 36.20°C
2024-05-27 21:40:10, east_entry, 39.38°C. HERE QUARANTINE!!!
2024-05-27 21:40:15, west_entry, 38.52°C. HERE QUARANTINE!!!
2024-05-27 21:40:20, south_entry, 37.70°C. HERE QUARANTINE!!!
2024-05-27 21:40:25, north_entry, 38.87°C. HERE QUARANTINE!!!
2024-05-27 21:40:30, east_entry, 38.02°C. HERE QUARANTINE!!!
2024-05-27 21:40:35, west_entry, 39.19°C. HERE QUARANTINE!!!
2024-05-27 21:40:40, south_entry, 38.36°C. HERE QUARANTINE!!!
2024-05-27 21:40:45, north_entry, 39.53°C. HERE QUARANTINE!!!
2024-05-27 21:40:50, east_entry, 38.70°C. HERE QUARANTINE!!!
2024-05-27 21:40:55, west_entry, 37.87°C. HERE QUARANTINE!!!
2024-05-27 21:41:00, south_entry, 39.04°C. HERE QUARANTINE!!!
2024-05-27 21:41:05, north_entry, 36.21°C
2024-05-27 21:41:10, east_entry, 39.37°C. HERE QUARANTINE!!!
2024-05-27 21:41:15, west_entry, 38.54°C. HERE QUARANTINE!!!
2024-05-27 21:41:20, south_entry, 39.69°C. HERE QUARANTINE!!!
2024-05-27 21:41:25, north_entry, 38.86°C. HERE QUARANTINE!!!
2024-05-27 21:41:30, east_entry, 38.05°C. HERE QUARANTINE!!!
2024-05-27 21:41:35, west_entry, 39.20°C. HERE QUARANTINE!!!
2024-05-27 21:41:40, south_entry, 38.37°C. HERE QUARANTINE!!!
2024-05-27 21:41:45, north_entry, 37.53°C. HERE QUARANTINE!!!
2024-05-27 21:41:50, east_entry, 36.72°C
2024-05-27 21:41:55, west_entry, 39.89°C. HERE QUARANTINE!!!
2024-05-27 21:42:00, south_entry, 39.05°C. HERE QUARANTINE!!!
2024-05-27 21:42:05, north_entry, 36.22°C
2024-05-27 21:42:10, east_entry, 37.38°C
2024-05-27 21:42:15, west_entry, 38.55°C. HERE QUARANTINE!!!
2024-05-27 21:42:20, south_entry, 37.72°C. HERE QUARANTINE!!!
2024-05-27 21:42:25, north_entry, 38.89°C. HERE QUARANTINE!!!
2024-05-27 21:42:30, east_entry, 36.05°C
2024-05-27 21:42:35, west_entry, 37.19°C
2024-05-27 21:42:40, south_entry, 38.39°C. HERE QUARANTINE!!!
2024-05-27 21:42:45, north_entry, 37.57°C. HERE QUARANTINE!!!
2024-05-27 21:42:50, east_entry, 36.72°C
2024-05-27 21:42:55, west_entry, 37.90°C. HERE QUARANTINE!!!
2024-05-27 21:43:00, south_entry, 37.05°C
2024-05-27 21:43:05, north_entry, 36.23°C
2024-05-27 21:43:10, east_entry, 39.39°C. HERE QUARANTINE!!!
2024-05-27 21:43:15, west_entry, 36.56°C
2024-05-27 21:43:20, south_entry, 39.73°C. HERE QUARANTINE!!!
2024-05-27 21:43:25, north_entry, 38.87°C. HERE QUARANTINE!!!
2024-05-27 21:43:30, east_entry, 36.07°C
2024-05-27 21:43:35, west_entry, 39.23°C. HERE QUARANTINE!!!
2024-05-27 21:43:40, south_entry, 38.39°C. HERE QUARANTINE!!!
2024-05-27 21:43:45, north_entry, 39.58°C. HERE QUARANTINE!!!
2024-05-27 21:43:50, east_entry, 38.74°C. HERE QUARANTINE!!!
2024-05-27 21:43:55, west_entry, 39.90°C. HERE QUARANTINE!!!
2024-05-27 21:44:00, south_entry, 39.07°C. HERE QUARANTINE!!!
2024-05-27 21:44:05, north_entry, 36.24°C
2024-05-27 21:44:10, east_entry, 37.41°C
2024-05-27 21:44:15, west_entry, 36.56°C
2024-05-27 21:44:20, south_entry, 37.73°C. HERE QUARANTINE!!!
2024-05-27 21:44:25, north_entry, 38.90°C. HERE QUARANTINE!!!
2024-05-27 21:44:30, east_entry, 36.07°C
2024-05-27 21:44:35, west_entry, 39.25°C. HERE QUARANTINE!!!
2024-05-27 21:44:40, south_entry, 38.41°C. HERE QUARANTINE!!!
2024-05-27 21:44:45, north_entry, 39.58°C. HERE QUARANTINE!!!
2024-05-27 21:44:50, east_entry, 38.75°C. HERE QUARANTINE!!!
2024-05-27 21:44:55, west_entry, 39.92°C. HERE QUARANTINE!!!
2024-05-27 21:45:00, south_entry, 37.09°C
2024-05-27 21:45:05, north_entry, 36.23°C
2024-05-27 21:45:10, east_entry, 37.40°C
2024-05-27 21:45:15, west_entry, 38.59°C. HERE QUARANTINE!!!
2024-05-27 21:45:20, south_entry, 39.75°C. HERE QUARANTINE!!!
2024-05-27 21:45:25, north_entry, 36.93°C
2024-05-27 21:45:30, east_entry, 38.08°C. HERE QUARANTINE!!!
2024-05-27 21:45:35, west_entry, 39.26°C. HERE QUARANTINE!!!
2024-05-27 21:45:40, south_entry, 38.42°C. HERE QUARANTINE!!!
2024-05-27 21:45:45, north_entry, 39.59°C. HERE QUARANTINE!!!
2024-05-27 21:45:50, east_entry, 38.76°C. HERE QUARANTINE!!!
2024-05-27 21:45:55, west_entry, 39.92°C. HERE QUARANTINE!!!
2024-05-27 21:46:00, south_entry, 39.09°C. HERE QUARANTINE!!!
2024-05-27 21:46:05, north_entry, 36.27°C
2024-05-27 21:46:10, east_entry, 37.42°C
2024-05-27 21:46:15, west_entry, 38.60°C. HERE QUARANTINE!!!
2024-05-27 21:46:20, south_entry, 39.77°C. HERE QUARANTINE!!!
2024-05-27 21:46:25, north_entry, 36.93°C
2024-05-27 21:46:30, east_entry, 36.10°C
2024-05-27 21:46:35, west_entry, 37.25°C
2024-05-27 21:46:40, south_entry, 36.43°C
2024-05-27 21:46:45, north_entry, 39.60°C. HERE QUARANTINE!!!
2024-05-27 21:46:50, east_entry, 36.76°C
2024-05-27 21:46:55, west_entry, 37.94°C. HERE QUARANTINE!!!
2024-05-27 21:47:00, south_entry, 39.10°C. HERE QUARANTINE!!!
2024-05-27 21:47:05, north_entry, 36.28°C
2024-05-27 21:47:10, east_entry, 37.44°C
2024-05-27 21:47:15, west_entry, 38.62°C. HERE QUARANTINE!!!
2024-05-27 21:47:25, north_entry, 36.93°C
2024-05-27 21:47:30, east_entry, 36.11°C
2024-05-27 21:47:35, west_entry, 37.26°C
2024-05-27 21:47:40, south_entry, 36.44°C
2024-05-27 21:47:45, north_entry, 39.61°C. HERE QUARANTINE!!!
2024-05-27 21:47:50, east_entry, 38.77°C. HERE QUARANTINE!!!
2024-05-27 21:47:55, west_entry, 37.94°C. HERE QUARANTINE!!!
2024-05-27 21:48:00, south_entry, 37.12°C
2024-05-27 21:48:05, north_entry, 36.29°C
2024-05-27 21:48:10, east_entry, 37.45°C
2024-05-27 21:48:15, west_entry, 38.62°C. HERE QUARANTINE!!!
2024-05-27 21:48:20, south_entry, 39.78°C. HERE QUARANTINE!!!
2024-05-27 21:48:25, north_entry, 36.96°C
2024-05-27 21:48:30, east_entry, 36.13°C
2024-05-27 21:48:35, west_entry, 39.28°C. HERE QUARANTINE!!!
2024-05-27 21:48:40, south_entry, 36.45°C
2024-05-27 21:48:45, north_entry, 37.63°C. HERE QUARANTINE!!!
2024-05-27 21:48:50, east_entry, 36.78°C
2024-05-27 21:48:55, west_entry, 37.96°C. HERE QUARANTINE!!!
2024-05-27 21:49:00, south_entry, 37.13°C
2024-05-27 21:49:05, north_entry, 38.28°C. HERE QUARANTINE!!!
2024-05-27 21:49:10, east_entry, 37.49°C
2024-05-27 21:49:15, west_entry, 38.64°C. HERE QUARANTINE!!!
2024-05-27 21:49:20, south_entry, 37.77°C. HERE QUARANTINE!!!
2024-05-27 21:49:25, north_entry, 38.95°C. HERE QUARANTINE!!!
2024-05-27 21:49:30, east_entry, 38.15°C. HERE QUARANTINE!!!
2024-05-27 21:49:35, west_entry, 37.28°C
2024-05-27 21:49:40, south_entry, 36.45°C
2024-05-31 13:47:36, north_entry, 37.49°C
2024-05-31 13:47:41, east_entry, 36.64°C
2024-05-31 13:47:46, west_entry, 39.82°C. HERE QUARANTINE!!!
2024-05-31 13:47:51, south_entry, 37.01°C
2024-05-31 13:47:56, north_entry, 36.14°C
2024-05-31 13:48:01, east_entry, 37.32°C
2024-05-31 13:48:06, west_entry, 38.49°C. HERE QUARANTINE!!!
2024-05-31 13:48:11, south_entry, 39.66°C. HERE QUARANTINE!!!
2024-05-31 13:48:16, north_entry, 38.83°C. HERE QUARANTINE!!!
2024-05-31 13:48:21, east_entry, 39.99°C. HERE QUARANTINE!!!
2024-05-31 13:48:26, west_entry, 37.17°C
2024-05-31 13:48:31, south_entry, 38.33°C. HERE QUARANTINE!!!
2024-05-31 13:48:36, north_entry, 37.52°C. HERE QUARANTINE!!!
2024-05-31 13:48:41, east_entry, 38.66°C. HERE QUARANTINE!!!
2024-05-31 13:48:46, west_entry, 39.82°C. HERE QUARANTINE!!!
2024-05-31 13:48:51, south_entry, 39.00°C. HERE QUARANTINE!!!
2024-05-31 13:48:56, north_entry, 36.17°C
2024-05-31 13:49:01, east_entry, 39.35°C. HERE QUARANTINE!!!
2024-05-31 13:49:06, west_entry, 38.50°C. HERE QUARANTINE!!!
2024-05-31 13:49:11, south_entry, 37.64°C. HERE QUARANTINE!!!
2024-05-31 13:49:16, north_entry, 38.85°C. HERE QUARANTINE!!!
2024-05-31 13:49:21, east_entry, 36.01°C
2024-05-31 13:49:26, west_entry, 37.18°C
2024-05-31 13:49:31, south_entry, 38.35°C. HERE QUARANTINE!!!
2024-05-31 13:49:36, north_entry, 39.51°C. HERE QUARANTINE!!!
2024-05-31 13:49:41, east_entry, 36.68°C
2024-05-31 13:49:46, west_entry, 39.83°C. HERE QUARANTINE!!!
2024-05-31 13:49:51, south_entry, 38.99°C. HERE QUARANTINE!!!
2024-05-31 13:49:56, north_entry, 38.19°C. HERE QUARANTINE!!!
2024-05-31 13:50:01, east_entry, 39.34°C. HERE QUARANTINE!!!
2024-05-31 13:50:06, west_entry, 36.52°C
2024-05-31 13:50:11, south_entry, 39.67°C. HERE QUARANTINE!!!
2024-05-31 13:50:16, north_entry, 36.84°C
2024-05-31 13:50:21, east_entry, 36.01°C
2024-05-31 13:50:26, west_entry, 37.19°C
2024-05-31 13:50:31, south_entry, 38.37°C. HERE QUARANTINE!!!
2024-05-31 13:50:36, north_entry, 37.50°C
2024-05-31 13:50:41, east_entry, 36.69°C
2024-05-31 13:50:46, west_entry, 37.86°C. HERE QUARANTINE!!!
2024-05-31 13:50:51, south_entry, 39.00°C. HERE QUARANTINE!!!
2024-05-31 13:50:56, north_entry, 36.19°C
2024-05-31 13:51:01, east_entry, 39.35°C. HERE QUARANTINE!!!
2024-05-31 13:51:06, west_entry, 36.53°C
2024-05-31 13:51:11, south_entry, 37.70°C. HERE QUARANTINE!!!
2024-05-31 13:51:16, north_entry, 36.86°C
2024-05-31 13:51:21, east_entry, 38.03°C. HERE QUARANTINE!!!
2024-05-31 13:51:26, west_entry, 37.19°C
2024-05-31 13:51:31, south_entry, 38.38°C. HERE QUARANTINE!!!
2024-05-31 13:51:36, north_entry, 37.53°C. HERE QUARANTINE!!!
2024-05-31 13:51:41, east_entry, 38.68°C. HERE QUARANTINE!!!
2024-05-31 13:51:46, west_entry, 39.86°C. HERE QUARANTINE!!!
2024-05-31 13:51:51, south_entry, 39.02°C. HERE QUARANTINE!!!
2024-05-31 13:51:56, north_entry, 38.21°C. HERE QUARANTINE!!!
2024-05-31 13:52:01, east_entry, 39.37°C. HERE QUARANTINE!!!
2024-05-31 13:52:06, west_entry, 36.53°C
2024-05-31 13:52:11, south_entry, 39.71°C. HERE QUARANTINE!!!
2024-05-31 13:52:16, north_entry, 36.86°C
2024-05-31 13:52:21, east_entry, 36.04°C
2024-05-31 13:52:26, west_entry, 39.22°C. HERE QUARANTINE!!!
2024-05-31 13:52:31, south_entry, 36.36°C
2024-05-31 13:52:36, north_entry, 39.53°C. HERE QUARANTINE!!!
2024-05-31 13:52:41, east_entry, 38.71°C. HERE QUARANTINE!!!
2024-05-31 13:52:46, west_entry, 39.87°C. HERE QUARANTINE!!!
2024-05-31 13:52:51, south_entry, 37.04°C
2024-05-31 13:52:56, north_entry, 36.21°C
2024-05-31 13:53:01, east_entry, 37.39°C
2024-05-31 13:53:06, west_entry, 38.54°C. HERE QUARANTINE!!!
2024-05-31 13:53:11, south_entry, 39.71°C. HERE QUARANTINE!!!
2024-05-31 13:53:16, north_entry, 38.89°C. HERE QUARANTINE!!!
2024-05-31 13:53:21, east_entry, 36.05°C
2024-05-31 13:53:26, west_entry, 37.22°C
2024-05-31 13:53:31, south_entry, 38.39°C. HERE QUARANTINE!!!
2024-05-31 13:53:36, north_entry, 39.54°C. HERE QUARANTINE!!!
2024-05-31 13:53:41, east_entry, 36.73°C
2024-05-31 13:53:46, west_entry, 39.90°C. HERE QUARANTINE!!!
2024-05-31 13:53:51, south_entry, 37.07°C
2024-05-31 13:53:56, north_entry, 38.22°C. HERE QUARANTINE!!!
2024-05-31 13:54:01, east_entry, 39.38°C. HERE QUARANTINE!!!
2024-05-31 13:54:06, west_entry, 36.55°C
2024-05-31 13:54:11, south_entry, 39.73°C. HERE QUARANTINE!!!
2024-05-31 13:54:16, north_entry, 36.91°C
2024-05-31 13:54:21, east_entry, 38.06°C. HERE QUARANTINE!!!
2024-05-31 13:54:26, west_entry, 39.22°C. HERE QUARANTINE!!!
2024-05-31 13:54:31, south_entry, 36.39°C
2024-05-31 13:54:36, north_entry, 39.56°C. HERE QUARANTINE!!!
2024-05-31 13:54:41, east_entry, 36.73°C
2024-05-31 13:54:46, west_entry, 39.90°C. HERE QUARANTINE!!!
2024-05-31 13:54:51, south_entry, 39.05°C. HERE QUARANTINE!!!
2024-05-31 13:54:56, north_entry, 38.25°C. HERE QUARANTINE!!!
2024-05-31 13:55:01, east_entry, 37.41°C
2024-05-31 13:55:06, west_entry, 38.56°C. HERE QUARANTINE!!!
2024-05-31 13:55:11, south_entry, 39.74°C. HERE QUARANTINE!!!
2024-05-31 13:55:16, north_entry, 38.91°C. HERE QUARANTINE!!!
2024-05-31 13:55:21, east_entry, 36.08°C
2024-05-31 13:55:26, west_entry, 39.23°C. HERE QUARANTINE!!!
2024-05-31 13:55:31, south_entry, 36.43°C
2024-05-31 13:55:36, north_entry, 39.58°C. HERE QUARANTINE!!!
2024-05-31 13:55:41, east_entry, 38.74°C. HERE QUARANTINE!!!
2024-05-31 13:55:46, west_entry, 37.92°C. HERE QUARANTINE!!!
2024-05-31 13:55:51, south_entry, 39.07°C. HERE QUARANTINE!!!
2024-05-31 13:55:56, north_entry, 36.24°C
2024-05-31 13:56:01, east_entry, 37.41°C
2024-05-31 13:56:06, west_entry, 36.58°C
2024-05-31 13:56:11, south_entry, 37.73°C. HERE QUARANTINE!!!
2024-05-31 13:56:16, north_entry, 36.90°C
2024-05-31 13:56:21, east_entry, 38.10°C. HERE QUARANTINE!!!
2024-05-31 13:56:26, west_entry, 39.26°C. HERE QUARANTINE!!!
2024-05-31 13:56:31, south_entry, 38.43°C. HERE QUARANTINE!!!
2024-05-31 13:56:36, north_entry, 37.56°C. HERE QUARANTINE!!!
2024-05-31 13:56:41, east_entry, 36.75°C
2024-05-31 13:56:46, west_entry, 39.92°C. HERE QUARANTINE!!!
2024-05-31 13:56:51, south_entry, 39.08°C. HERE QUARANTINE!!!
2024-05-31 13:56:56, north_entry, 38.24°C. HERE QUARANTINE!!!
2024-05-31 13:57:01, east_entry, 37.41°C
2024-05-31 13:57:06, west_entry, 36.59°C
2024-05-31 13:57:11, south_entry, 39.77°C. HERE QUARANTINE!!!
2024-05-31 13:57:16, north_entry, 38.94°C. HERE QUARANTINE!!!
2024-05-31 13:57:21, east_entry, 36.09°C
2024-05-31 13:57:26, west_entry, 39.26°C. HERE QUARANTINE!!!
2024-05-31 13:57:31, south_entry, 38.44°C. HERE QUARANTINE!!!
2024-05-31 13:57:36, north_entry, 37.62°C. HERE QUARANTINE!!!
2024-05-31 13:57:41, east_entry, 36.76°C
2024-05-31 13:57:46, west_entry, 37.93°C. HERE QUARANTINE!!!
2024-05-31 13:57:51, south_entry, 39.10°C. HERE QUARANTINE!!!
2024-05-31 13:57:56, north_entry, 38.25°C. HERE QUARANTINE!!!
2024-05-31 13:58:01, east_entry, 39.43°C. HERE QUARANTINE!!!
2024-05-31 13:58:06, west_entry, 36.62°C
2024-05-31 13:58:11, south_entry, 37.77°C. HERE QUARANTINE!!!
2024-05-31 13:58:16, north_entry, 38.93°C. HERE QUARANTINE!!!
2024-05-31 13:58:21, east_entry, 38.13°C. HERE QUARANTINE!!!
2024-05-31 13:58:26, west_entry, 39.26°C. HERE QUARANTINE!!!
2024-05-31 13:58:31, south_entry, 36.43°C
2024-05-31 13:58:36, north_entry, 39.61°C. HERE QUARANTINE!!!
2024-05-31 13:58:41, east_entry, 38.77°C. HERE QUARANTINE!!!
2024-05-31 13:58:46, west_entry, 37.94°C. HERE QUARANTINE!!!
2024-05-31 13:58:51, south_entry, 37.09°C
2024-05-31 13:58:56, north_entry, 36.27°C
2024-05-31 13:59:01, east_entry, 39.44°C. HERE QUARANTINE!!!
2024-05-31 13:59:06, west_entry, 36.61°C
2024-05-31 13:59:11, south_entry, 37.79°C. HERE QUARANTINE!!!
2024-05-31 13:59:16, north_entry, 38.94°C. HERE QUARANTINE!!!
2024-05-31 13:59:21, east_entry, 36.11°C
2024-05-31 13:59:26, west_entry, 37.28°C
2024-05-31 13:59:31, south_entry, 38.46°C. HERE QUARANTINE!!!
2024-05-31 13:59:36, north_entry, 37.62°C. HERE QUARANTINE!!!
2024-05-31 13:59:41, east_entry, 36.77°C
2024-05-31 13:59:46, west_entry, 37.95°C. HERE QUARANTINE!!!
2024-05-31 13:59:51, south_entry, 37.13°C
2024-05-31 13:59:56, north_entry, 36.29°C
2024-05-31 14:00:01, east_entry, 37.46°C
2024-05-31 14:00:06, west_entry, 38.63°C. HERE QUARANTINE!!!
2024-05-31 14:00:11, south_entry, 39.79°C. HERE QUARANTINE!!!
2024-05-31 14:00:16, north_entry, 36.97°C
2024-05-31 14:00:21, east_entry, 36.13°C
2024-05-31 14:00:26, west_entry, 37.29°C
2024-05-31 14:00:31, south_entry, 38.45°C. HERE QUARANTINE!!!
2024-05-31 14:00:36, north_entry, 37.64°C. HERE QUARANTINE!!!
2024-05-31 14:00:41, east_entry, 36.79°C
2024-05-31 14:00:46, west_entry, 39.96°C. HERE QUARANTINE!!!
2024-05-31 14:00:51, south_entry, 39.13°C. HERE QUARANTINE!!!
2024-05-31 14:00:56, north_entry, 38.30°C. HERE QUARANTINE!!!
2024-05-31 14:01:01, east_entry, 39.47°C. HERE QUARANTINE!!!
2024-05-31 14:01:06, west_entry, 36.62°C
2024-05-31 14:01:11, south_entry, 37.81°C. HERE QUARANTINE!!!
2024-05-31 14:01:16, north_entry, 38.98°C. HERE QUARANTINE!!!
2024-05-31 14:01:21, east_entry, 38.13°C. HERE QUARANTINE!!!
2024-05-31 14:01:26, west_entry, 39.32°C. HERE QUARANTINE!!!
2024-05-31 14:01:31, south_entry, 38.47°C. HERE QUARANTINE!!!
2024-05-31 14:01:36, north_entry, 39.65°C. HERE QUARANTINE!!!
2024-05-31 14:01:41, east_entry, 36.82°C
2024-05-31 14:01:46, west_entry, 37.98°C. HERE QUARANTINE!!!
2024-05-31 14:01:51, south_entry, 37.14°C
2024-05-31 14:01:56, north_entry, 38.31°C. HERE QUARANTINE!!!
2024-05-31 14:02:01, east_entry, 37.48°C
2024-05-31 14:02:06, west_entry, 38.65°C. HERE QUARANTINE!!!
2024-05-31 14:02:11, south_entry, 39.81°C. HERE QUARANTINE!!!
2024-05-31 14:02:16, north_entry, 36.97°C
2024-05-31 14:02:21, east_entry, 36.16°C
2024-05-31 14:02:26, west_entry, 39.33°C. HERE QUARANTINE!!!
2024-05-31 14:02:31, south_entry, 38.48°C. HERE QUARANTINE!!!
2024-05-31 14:02:36, north_entry, 37.65°C. HERE QUARANTINE!!!
2024-05-31 14:02:41, east_entry, 38.83°C. HERE QUARANTINE!!!
2024-05-31 14:02:46, west_entry, 39.98°C. HERE QUARANTINE!!!
2024-05-31 14:02:51, south_entry, 37.15°C
2024-05-31 14:02:56, north_entry, 38.33°C. HERE QUARANTINE!!!
2024-05-31 14:03:01, east_entry, 39.47°C. HERE QUARANTINE!!!
2024-05-31 14:03:06, west_entry, 36.66°C
2024-05-31 14:03:11, south_entry, 37.84°C. HERE QUARANTINE!!!
2024-05-31 14:03:16, north_entry, 36.97°C
2024-05-31 14:03:21, east_entry, 38.17°C. HERE QUARANTINE!!!
2024-05-31 14:03:26, west_entry, 37.35°C
2024-05-31 14:03:31, south_entry, 38.50°C. HERE QUARANTINE!!!
2024-05-31 14:03:36, north_entry, 37.68°C. HERE QUARANTINE!!!
2024-05-31 14:03:41, east_entry, 36.83°C
2024-05-31 14:03:46, west_entry, 38.01°C. HERE QUARANTINE!!!
2024-05-31 14:03:51, south_entry, 39.15°C. HERE QUARANTINE!!!
2024-05-31 14:03:56, north_entry, 36.35°C
2024-05-31 14:04:01, east_entry, 39.50°C. HERE QUARANTINE!!!
2024-05-31 14:04:06, west_entry, 36.66°C
2024-05-31 14:04:11, south_entry, 39.84°C. HERE QUARANTINE!!!
2024-05-31 14:04:16, north_entry, 38.99°C. HERE QUARANTINE!!!
2024-05-31 14:04:21, east_entry, 36.18°C
2024-05-31 14:04:26, west_entry, 37.35°C
2024-05-31 14:04:31, south_entry, 36.50°C
2024-05-31 14:04:36, north_entry, 37.69°C. HERE QUARANTINE!!!
2024-05-31 14:04:41, east_entry, 36.85°C
2024-05-31 14:04:46, west_entry, 38.00°C. HERE QUARANTINE!!!
2024-05-31 14:04:51, south_entry, 39.17°C. HERE QUARANTINE!!!
2024-05-31 14:04:56, north_entry, 38.34°C. HERE QUARANTINE!!!
2024-05-31 14:05:01, east_entry, 37.50°C
2024-05-31 14:05:06, west_entry, 38.67°C. HERE QUARANTINE!!!
2024-05-31 14:05:11, south_entry, 37.87°C. HERE QUARANTINE!!!
2024-05-31 14:05:16, north_entry, 37.01°C
2024-05-31 14:05:21, east_entry, 36.18°C
2024-05-31 14:05:26, west_entry, 39.36°C. HERE QUARANTINE!!!
2024-05-31 14:05:31, south_entry, 38.53°C. HERE QUARANTINE!!!
2024-05-31 14:05:36, north_entry, 37.69°C. HERE QUARANTINE!!!
2024-05-31 14:05:41, east_entry, 38.84°C. HERE QUARANTINE!!!
2024-05-31 14:05:46, west_entry, 36.01°C
2024-05-31 14:05:51, south_entry, 39.19°C. HERE QUARANTINE!!!
2024-05-31 14:05:56, north_entry, 36.36°C
2024-05-31 14:06:01, east_entry, 37.53°C. HERE QUARANTINE!!!
2024-05-31 14:06:06, west_entry, 36.70°C
2024-05-31 14:06:11, south_entry, 39.86°C. HERE QUARANTINE!!!
2024-05-31 14:06:16, north_entry, 37.05°C
2024-05-31 14:06:21, east_entry, 38.20°C. HERE QUARANTINE!!!
2024-05-31 14:06:26, west_entry, 37.36°C
2024-05-31 14:06:31, south_entry, 38.51°C. HERE QUARANTINE!!!
2024-05-31 14:06:36, north_entry, 39.72°C. HERE QUARANTINE!!!
2024-05-31 14:06:41, east_entry, 36.87°C
2024-05-31 14:06:46, west_entry, 36.03°C
2024-05-31 14:06:51, south_entry, 39.20°C. HERE QUARANTINE!!!
2024-05-31 14:06:56, north_entry, 36.36°C
2024-05-31 14:07:01, east_entry, 39.54°C. HERE QUARANTINE!!!
2024-05-31 14:07:06, west_entry, 36.71°C
2024-05-31 14:07:11, south_entry, 37.86°C. HERE QUARANTINE!!!
2024-05-31 14:07:16, north_entry, 39.04°C. HERE QUARANTINE!!!
2024-05-31 14:07:21, east_entry, 38.21°C. HERE QUARANTINE!!!
2024-05-31 14:07:26, west_entry, 39.37°C. HERE QUARANTINE!!!
2024-05-31 14:07:31, south_entry, 36.54°C
2024-05-31 14:07:36, north_entry, 37.70°C. HERE QUARANTINE!!!
2024-05-31 14:07:41, east_entry, 36.87°C
2024-05-31 14:07:46, west_entry, 38.06°C. HERE QUARANTINE!!!
2024-05-31 14:07:51, south_entry, 37.21°C
2024-05-31 14:07:56, north_entry, 38.37°C. HERE QUARANTINE!!!
2024-05-31 14:08:01, east_entry, 37.56°C. HERE QUARANTINE!!!
2024-05-31 14:08:06, west_entry, 36.71°C
2024-05-31 14:08:11, south_entry, 37.88°C. HERE QUARANTINE!!!
2024-05-31 14:08:16, north_entry, 37.05°C
2024-05-31 14:08:21, east_entry, 38.22°C. HERE QUARANTINE!!!
2024-05-31 14:08:26, west_entry, 37.37°C
2024-05-31 14:08:31, south_entry, 36.55°C
2024-05-31 14:08:36, north_entry, 37.70°C. HERE QUARANTINE!!!
2024-05-31 14:08:41, east_entry, 38.88°C. HERE QUARANTINE!!!
2024-05-31 14:08:46, west_entry, 36.08°C
2024-05-31 14:08:51, south_entry, 39.22°C. HERE QUARANTINE!!!
2024-05-31 14:08:56, north_entry, 38.39°C. HERE QUARANTINE!!!
2024-05-31 14:09:01, east_entry, 39.55°C. HERE QUARANTINE!!!
2024-05-31 14:09:06, west_entry, 38.71°C. HERE QUARANTINE!!!
2024-05-31 14:09:11, south_entry, 39.90°C. HERE QUARANTINE!!!
2024-05-31 14:09:16, north_entry, 37.07°C
2024-05-31 14:09:21, east_entry, 38.22°C. HERE QUARANTINE!!!
2024-05-31 14:09:26, west_entry, 37.39°C
2024-05-31 14:09:31, south_entry, 36.58°C
2024-05-31 14:09:36, north_entry, 37.74°C. HERE QUARANTINE!!!
2024-05-31 14:09:41, east_entry, 38.91°C. HERE QUARANTINE!!!
2024-05-31 14:09:46, west_entry, 38.07°C. HERE QUARANTINE!!!
2024-05-31 14:09:51, south_entry, 39.24°C. HERE QUARANTINE!!!
2024-05-31 14:09:56, north_entry, 38.40°C. HERE QUARANTINE!!!
2024-05-31 14:10:01, east_entry, 37.57°C. HERE QUARANTINE!!!
2024-05-31 14:10:06, west_entry, 38.72°C. HERE QUARANTINE!!!
2024-05-31 14:10:11, south_entry, 39.90°C. HERE QUARANTINE!!!
2024-05-31 14:10:16, north_entry, 39.07°C. HERE QUARANTINE!!!
2024-05-31 14:10:21, east_entry, 38.24°C. HERE QUARANTINE!!!
2024-05-31 14:10:26, west_entry, 39.41°C. HERE QUARANTINE!!!
2024-05-31 14:10:31, south_entry, 36.57°C
2024-05-31 14:10:36, north_entry, 37.76°C. HERE QUARANTINE!!!
2024-05-31 14:10:41, east_entry, 38.92°C. HERE QUARANTINE!!!
2024-05-31 14:10:46, west_entry, 36.08°C
2024-05-31 14:10:51, south_entry, 39.26°C. HERE QUARANTINE!!!
2024-05-31 14:10:56, north_entry, 36.41°C
2024-05-31 14:11:01, east_entry, 39.57°C. HERE QUARANTINE!!!
2024-05-31 14:11:06, west_entry, 38.76°C. HERE QUARANTINE!!!
2024-05-31 14:11:11, south_entry, 37.91°C. HERE QUARANTINE!!!
2024-05-31 14:11:16, north_entry, 37.08°C
2024-05-31 14:11:21, east_entry, 36.25°C
2024-05-31 14:11:26, west_entry, 37.42°C
2024-05-31 14:11:31, south_entry, 36.59°C
2024-05-31 14:11:36, north_entry, 37.75°C. HERE QUARANTINE!!!
2024-05-31 14:11:41, east_entry, 38.92°C. HERE QUARANTINE!!!
2024-05-31 14:11:46, west_entry, 38.08°C. HERE QUARANTINE!!!
2024-05-31 14:11:51, south_entry, 37.26°C
2024-05-31 14:11:56, north_entry, 36.40°C
2024-05-31 14:12:01, east_entry, 37.59°C. HERE QUARANTINE!!!
2024-05-31 14:12:06, west_entry, 38.76°C. HERE QUARANTINE!!!
2024-05-31 14:12:11, south_entry, 39.92°C. HERE QUARANTINE!!!
2024-05-31 14:12:16, north_entry, 37.11°C
2024-05-31 14:12:21, east_entry, 36.27°C
2024-05-31 14:12:26, west_entry, 37.42°C
2024-05-31 14:12:31, south_entry, 36.60°C
2024-05-31 14:12:36, north_entry, 39.79°C. HERE QUARANTINE!!!
2024-05-31 14:12:41, east_entry, 36.94°C
2024-05-31 14:12:46, west_entry, 36.10°C
2024-05-31 14:12:51, south_entry, 37.27°C
2024-05-31 14:12:56, north_entry, 36.41°C
2024-05-31 14:13:01, east_entry, 37.60°C. HERE QUARANTINE!!!
2024-05-31 14:13:06, west_entry, 36.78°C
2024-05-31 14:13:11, south_entry, 39.94°C. HERE QUARANTINE!!!
2024-05-31 14:13:16, north_entry, 39.10°C. HERE QUARANTINE!!!
2024-05-31 14:13:21, east_entry, 36.28°C
2024-05-31 14:13:26, west_entry, 37.45°C
2024-05-31 14:13:31, south_entry, 36.60°C
2024-05-31 14:13:36, north_entry, 37.78°C. HERE QUARANTINE!!!
2024-05-31 14:13:41, east_entry, 38.96°C. HERE QUARANTINE!!!
2024-05-31 14:13:46, west_entry, 38.11°C. HERE QUARANTINE!!!
2024-05-31 14:13:51, south_entry, 39.27°C. HERE QUARANTINE!!!
2024-05-31 14:13:56, north_entry, 38.44°C. HERE QUARANTINE!!!
2024-05-31 14:14:01, east_entry, 37.62°C. HERE QUARANTINE!!!
2024-05-31 14:14:06, west_entry, 38.79°C. HERE QUARANTINE!!!
2024-05-31 14:14:11, south_entry, 39.94°C. HERE QUARANTINE!!!
2024-05-31 14:14:16, north_entry, 37.11°C
2024-05-31 14:14:21, east_entry, 36.28°C
2024-05-31 14:14:26, west_entry, 37.45°C
2024-05-31 14:14:31, south_entry, 38.63°C. HERE QUARANTINE!!!
2024-05-31 14:14:36, north_entry, 39.78°C. HERE QUARANTINE!!!
2024-05-31 14:14:41, east_entry, 36.95°C
2024-05-31 14:14:46, west_entry, 38.11°C. HERE QUARANTINE!!!
2024-05-31 14:14:51, south_entry, 37.31°C
2024-05-31 14:14:56, north_entry, 38.46°C. HERE QUARANTINE!!!
2024-05-31 14:15:01, east_entry, 37.61°C. HERE QUARANTINE!!!
2024-05-31 14:15:06, west_entry, 36.80°C
2024-05-31 14:15:11, south_entry, 37.97°C. HERE QUARANTINE!!!
2024-05-31 14:15:16, north_entry, 39.14°C. HERE QUARANTINE!!!
2024-05-31 14:15:21, east_entry, 36.29°C
2024-05-31 14:15:26, west_entry, 37.46°C
2024-05-31 14:15:31, south_entry, 38.63°C. HERE QUARANTINE!!!
2024-05-31 14:15:36, north_entry, 39.79°C. HERE QUARANTINE!!!
2024-05-31 14:15:41, east_entry, 36.98°C
2024-05-31 14:15:46, west_entry, 38.13°C. HERE QUARANTINE!!!
2024-05-31 14:15:51, south_entry, 39.31°C. HERE QUARANTINE!!!
2024-05-31 14:15:56, north_entry, 36.47°C
2024-05-31 14:16:01, east_entry, 39.62°C. HERE QUARANTINE!!!
2024-05-31 14:16:06, west_entry, 38.80°C. HERE QUARANTINE!!!
2024-05-31 14:16:11, south_entry, 39.96°C. HERE QUARANTINE!!!
2024-05-31 14:16:16, north_entry, 37.13°C
2024-05-31 14:16:21, east_entry, 38.31°C. HERE QUARANTINE!!!
2024-05-31 14:16:26, west_entry, 39.47°C. HERE QUARANTINE!!!
2024-05-31 14:16:31, south_entry, 36.65°C
2024-05-31 14:16:36, north_entry, 37.82°C. HERE QUARANTINE!!!
2024-05-31 14:16:41, east_entry, 38.97°C. HERE QUARANTINE!!!
2024-05-31 14:16:46, west_entry, 38.15°C. HERE QUARANTINE!!!
2024-05-31 14:16:51, south_entry, 37.31°C
2024-05-31 14:16:56, north_entry, 36.47°C
2024-05-31 14:17:01, east_entry, 37.65°C. HERE QUARANTINE!!!
2024-05-31 14:17:06, west_entry, 38.82°C. HERE QUARANTINE!!!
2024-05-31 14:17:11, south_entry, 37.99°C. HERE QUARANTINE!!!
2024-05-31 14:17:16, north_entry, 37.13°C
2024-05-31 14:17:21, east_entry, 36.31°C
2024-05-31 14:17:26, west_entry, 39.50°C. HERE QUARANTINE!!!
2024-05-31 14:17:31, south_entry, 36.66°C
2024-05-31 14:17:36, north_entry, 39.81°C. HERE QUARANTINE!!!
2024-05-31 14:17:41, east_entry, 38.98°C. HERE QUARANTINE!!!
2024-05-31 14:17:46, west_entry, 36.16°C
2024-05-31 14:17:51, south_entry, 39.31°C. HERE QUARANTINE!!!
2024-05-31 14:17:56, north_entry, 38.49°C. HERE QUARANTINE!!!
2024-05-31 14:18:01, east_entry, 37.67°C. HERE QUARANTINE!!!
2024-05-31 14:18:06, west_entry, 38.80°C. HERE QUARANTINE!!!
2024-05-31 14:18:11, south_entry, 37.98°C. HERE QUARANTINE!!!
2024-05-31 14:18:16, north_entry, 37.18°C
2024-05-31 14:18:21, east_entry, 38.32°C. HERE QUARANTINE!!!
2024-05-31 14:18:26, west_entry, 39.50°C. HERE QUARANTINE!!!
2024-05-31 14:18:31, south_entry, 38.68°C. HERE QUARANTINE!!!
2024-05-31 14:18:36, north_entry, 39.83°C. HERE QUARANTINE!!!
2024-05-31 14:18:41, east_entry, 39.00°C. HERE QUARANTINE!!!
2024-05-31 14:18:46, west_entry, 36.16°C
2024-05-31 14:18:51, south_entry, 37.32°C
2024-05-31 14:18:56, north_entry, 38.49°C. HERE QUARANTINE!!!
2024-05-31 14:19:01, east_entry, 37.68°C. HERE QUARANTINE!!!
2024-05-31 14:19:06, west_entry, 36.83°C
2024-05-31 14:19:11, south_entry, 37.99°C. HERE QUARANTINE!!!
2024-05-31 14:19:16, north_entry, 39.19°C. HERE QUARANTINE!!!
2024-05-31 14:19:21, east_entry, 38.34°C. HERE QUARANTINE!!!
2024-05-31 14:19:26, west_entry, 39.51°C. HERE QUARANTINE!!!
2024-05-31 14:19:31, south_entry, 36.69°C
2024-05-31 14:19:36, north_entry, 37.83°C. HERE QUARANTINE!!!
2024-05-31 14:19:41, east_entry, 39.02°C. HERE QUARANTINE!!!
2024-05-31 14:19:46, west_entry, 36.18°C
2024-05-31 14:19:51, south_entry, 37.32°C
2024-05-31 14:19:56, north_entry, 36.51°C
2024-05-31 14:20:01, east_entry, 39.68°C. HERE QUARANTINE!!!
2024-05-31 14:20:06, west_entry, 38.85°C. HERE QUARANTINE!!!
2024-05-31 14:20:11, south_entry, 38.02°C. HERE QUARANTINE!!!
2024-05-31 14:20:16, north_entry, 37.18°C
2024-05-31 14:20:21, east_entry, 36.34°C
2024-05-31 14:20:26, west_entry, 37.51°C. HERE QUARANTINE!!!
2024-05-31 14:20:31, south_entry, 36.70°C
2024-05-31 14:20:36, north_entry, 37.83°C. HERE QUARANTINE!!!
2024-05-31 14:20:41, east_entry, 39.00°C. HERE QUARANTINE!!!
2024-05-31 14:20:46, west_entry, 38.21°C. HERE QUARANTINE!!!
2024-05-31 14:20:51, south_entry, 37.34°C
2024-05-31 14:20:56, north_entry, 38.54°C. HERE QUARANTINE!!!
2024-05-31 14:21:01, east_entry, 39.68°C. HERE QUARANTINE!!!
2024-05-31 14:21:06, west_entry, 38.86°C. HERE QUARANTINE!!!
2024-05-31 14:21:11, south_entry, 38.04°C. HERE QUARANTINE!!!
2024-05-31 14:21:16, north_entry, 39.20°C. HERE QUARANTINE!!!
2024-05-31 14:21:21, east_entry, 36.36°C
2024-05-31 14:21:26, west_entry, 37.53°C. HERE QUARANTINE!!!
2024-05-31 14:21:31, south_entry, 38.69°C. HERE QUARANTINE!!!
2024-05-31 14:21:36, north_entry, 39.87°C. HERE QUARANTINE!!!
2024-05-31 14:21:41, east_entry, 39.04°C. HERE QUARANTINE!!!
2024-05-31 14:21:46, west_entry, 36.19°C
2024-05-31 14:21:51, south_entry, 39.38°C. HERE QUARANTINE!!!
2024-05-31 14:21:56, north_entry, 38.53°C. HERE QUARANTINE!!!
2024-05-31 14:22:01, east_entry, 39.71°C. HERE QUARANTINE!!!
2024-05-31 14:22:06, west_entry, 38.85°C. HERE QUARANTINE!!!
2024-05-31 14:22:11, south_entry, 36.04°C
2024-05-31 14:22:16, north_entry, 39.21°C. HERE QUARANTINE!!!
2024-05-31 14:22:21, east_entry, 38.37°C. HERE QUARANTINE!!!
2024-05-31 14:22:26, west_entry, 37.54°C. HERE QUARANTINE!!!
2024-05-31 14:22:31, south_entry, 38.70°C. HERE QUARANTINE!!!
2024-05-31 14:22:36, north_entry, 37.86°C. HERE QUARANTINE!!!
2024-05-31 14:22:41, east_entry, 37.04°C
2024-05-31 14:22:46, west_entry, 36.23°C
2024-05-31 14:22:51, south_entry, 37.38°C
2024-05-31 14:22:56, north_entry, 38.54°C. HERE QUARANTINE!!!
2024-05-31 14:23:01, east_entry, 37.71°C. HERE QUARANTINE!!!
2024-05-31 14:23:06, west_entry, 36.88°C
2024-05-31 14:23:11, south_entry, 36.04°C
2024-05-31 14:23:16, north_entry, 39.23°C. HERE QUARANTINE!!!
2024-05-31 14:23:21, east_entry, 38.39°C. HERE QUARANTINE!!!
2024-05-31 14:23:26, west_entry, 39.54°C. HERE QUARANTINE!!!
2024-05-31 14:23:31, south_entry, 36.71°C
2024-05-31 14:23:36, north_entry, 39.90°C. HERE QUARANTINE!!!
2024-05-31 14:23:41, east_entry, 37.06°C
2024-05-31 14:23:46, west_entry, 38.22°C. HERE QUARANTINE!!!
2024-05-31 14:23:51, south_entry, 39.39°C. HERE QUARANTINE!!!
2024-05-31 14:23:56, north_entry, 38.56°C. HERE QUARANTINE!!!
2024-05-31 14:24:01, east_entry, 37.72°C. HERE QUARANTINE!!!
2024-05-31 14:24:06, west_entry, 36.89°C
2024-05-31 14:24:11, south_entry, 36.06°C
2024-05-31 14:24:16, north_entry, 39.22°C. HERE QUARANTINE!!!
2024-05-31 14:24:21, east_entry, 38.40°C. HERE QUARANTINE!!!
2024-05-31 14:24:26, west_entry, 39.54°C. HERE QUARANTINE!!!
2024-05-31 14:24:31, south_entry, 36.74°C
2024-05-31 14:24:36, north_entry, 37.90°C. HERE QUARANTINE!!!
2024-05-31 14:24:41, east_entry, 39.07°C. HERE QUARANTINE!!!
2024-05-31 14:24:46, west_entry, 38.24°C. HERE QUARANTINE!!!
2024-05-31 14:24:51, south_entry, 37.41°C
2024-05-31 14:24:56, north_entry, 38.55°C. HERE QUARANTINE!!!
2024-05-31 14:25:01, east_entry, 39.73°C. HERE QUARANTINE!!!
2024-05-31 14:25:06, west_entry, 38.90°C. HERE QUARANTINE!!!
2024-05-31 14:25:11, south_entry, 38.05°C. HERE QUARANTINE!!!
2024-05-31 14:25:16, north_entry, 39.23°C. HERE QUARANTINE!!!
2024-05-31 14:25:21, east_entry, 36.41°C
2024-05-31 14:25:26, west_entry, 37.59°C. HERE QUARANTINE!!!
2024-05-31 14:25:31, south_entry, 38.74°C. HERE QUARANTINE!!!
2024-05-31 14:25:36, north_entry, 37.92°C. HERE QUARANTINE!!!
2024-05-31 14:25:41, east_entry, 37.08°C
2024-05-31 14:25:46, west_entry, 36.26°C
2024-05-31 14:25:51, south_entry, 37.41°C
2024-05-31 14:25:56, north_entry, 36.56°C
2024-05-31 14:26:01, east_entry, 37.74°C. HERE QUARANTINE!!!
2024-05-31 14:26:06, west_entry, 36.92°C
2024-05-31 14:26:11, south_entry, 36.09°C
2024-05-31 14:44:55, north_entry, 39.36°C. HERE QUARANTINE!!!
2024-05-31 14:45:00, east_entry, 38.52°C. HERE QUARANTINE!!!
2024-05-31 14:45:05, west_entry, 37.68°C. HERE QUARANTINE!!!
2024-05-31 14:45:10, south_entry, 38.87°C. HERE QUARANTINE!!!
2024-05-31 14:45:15, north_entry, 36.03°C
2024-05-31 14:45:20, east_entry, 37.20°C
2024-05-31 14:45:25, west_entry, 38.37°C. HERE QUARANTINE!!!
2024-05-31 14:45:30, south_entry, 39.52°C. HERE QUARANTINE!!!
