2024-05-22 21:16:06, Alert of possible infection in east_entry.
2024-05-22 21:16:11, Alert of possible infection in west_entry.
2024-05-22 21:16:16, Alert of possible infection in south_entry.
2024-05-22 21:16:26, Alert of possible infection in east_entry.
2024-05-22 21:16:41, Alert of possible infection in north_entry.
2024-05-22 21:16:51, Alert of possible infection in west_entry.
2024-05-22 21:16:56, Alert of possible infection in south_entry.
2024-05-22 21:17:16, Alert of possible infection in south_entry.
2024-05-22 21:17:26, Alert of possible infection in east_entry.
2024-05-22 21:17:31, Alert of possible infection in west_entry.
2024-05-22 21:17:36, Alert of possible infection in south_entry.
2024-05-22 21:17:51, Alert of possible infection in west_entry.
2024-05-22 21:17:56, Alert of possible infection in south_entry.
EMERGENCY!!! 2024-05-22 21:18:11, OTHER CRITICAL SITUATIONS. Emergency notification sent to all connected clients.
2024-05-22 21:18:16, Alert of possible infection in south_entry.
2024-05-22 21:18:21, Alert of possible infection in north_entry.
2024-05-22 21:18:26, Alert of possible infection in east_entry.
2024-05-22 21:18:31, Alert of possible infection in west_entry.
2024-05-22 21:18:36, Alert of possible infection in south_entry.
2024-05-22 21:18:51, Alert of possible infection in west_entry.
2024-05-22 21:18:56, Alert of possible infection in south_entry.
2024-05-22 21:19:01, Alert of possible infection in north_entry.
2024-05-22 21:19:06, Alert of possible infection in east_entry.
EMERGENCY!!! 2024-05-22 21:19:15, OTHER CRITICAL SITUATIONS. Emergency notification sent to all connected clients.
2024-05-22 21:19:16, Alert of possible infection in south_entry.
2024-05-22 21:19:26, Alert of possible infection in east_entry.
2024-05-22 21:19:51, Alert of possible infection in west_entry.
2024-05-22 21:19:56, Alert of possible infection in south_entry.
EMERGENCY!!! 2024-05-22 21:20:02, OTHER CRITICAL SITUATIONS. Emergency notification sent to all connected clients.
2024-05-22 21:20:16, Alert of possible infection in south_entry.
2024-05-22 21:20:21, Alert of possible infection in north_entry.
2024-05-22 21:20:26, Alert of possible infection in east_entry.
2024-05-22 21:20:31, Alert of possible infection in west_entry.
2024-05-22 21:20:36, Alert of possible infection in south_entry.
2024-05-22 21:20:41, Alert of possible infection in north_entry.
2024-05-22 21:20:51, Alert of possible infection in west_entry.
EMERGENCY!!! 2024-05-22 21:20:54, POWER OUTAGES. Emergency notification sent to all connected clients.
2024-05-22 21:20:56, Alert of possible infection in south_entry.
2024-05-22 21:21:06, Alert of possible infection in east_entry.
2024-05-22 21:21:11, Alert of possible infection in west_entry.
2024-05-22 21:21:16, Alert of possible infection in south_entry.
2024-05-22 21:21:26, Alert of possible infection in east_entry.
EMERGENCY!!! 2024-05-22 21:21:30, POWER OUTAGES. Emergency notification sent to all connected clients.
2024-05-22 21:21:36, Alert of possible infection in south_entry.
2024-05-22 21:21:51, Alert of possible infection in west_entry.
2024-05-22 21:22:06, Alert of possible infection in east_entry.
2024-05-22 21:22:11, Alert of possible infection in west_entry.
2024-05-22 21:22:16, Alert of possible infection in south_entry.
2024-05-22 21:22:26, Alert of possible infection in east_entry.
2024-05-22 21:22:41, Alert of possible infection in north_entry.
2024-05-22 21:22:51, Alert of possible infection in west_entry.
2024-05-22 21:22:56, Alert of possible infection in south_entry.
EMERGENCY!!! 2024-05-22 21:23:09, POWER OUTAGES. Emergency notification sent to all connected clients.
2024-05-22 21:23:11, Alert of possible infection in west_entry.
2024-05-22 21:23:16, Alert of possible infection in south_entry.
2024-05-22 21:23:21, Alert of possible infection in north_entry.
2024-05-22 21:23:26, Alert of possible infection in east_entry.
2024-05-22 21:23:31, Alert of possible infection in west_entry.
2024-05-22 21:23:36, Alert of possible infection in south_entry.
2024-05-22 21:23:46, Alert of possible infection in east_entry.
2024-05-22 21:23:51, Alert of possible infection in west_entry.
EMERGENCY!!! 2024-05-22 21:23:54, OTHER CRITICAL SITUATIONS. Emergency notification sent to all connected clients.
2024-05-22 21:23:56, Alert of possible infection in south_entry.
2024-05-22 21:24:01, Alert of possible infection in north_entry.
2024-05-22 21:24:06, Alert of possible infection in east_entry.
2024-05-22 21:24:11, Alert of possible infection in west_entry.
2024-05-22 21:24:16, Alert of possible infection in south_entry.
2024-05-22 21:24:26, Alert of possible infection in east_entry.
2024-05-22 21:24:41, Alert of possible infection in north_entry.
2024-05-22 21:24:46, Alert of possible infection in east_entry.
2024-05-22 21:24:51, Alert of possible infection in west_entry.
2024-05-22 21:25:01, Alert of possible infection in north_entry.
2024-05-22 21:25:06, Alert of possible infection in east_entry.
2024-05-22 21:25:16, Alert of possible infection in south_entry.
2024-05-22 21:25:26, Alert of possible infection in east_entry.
2024-05-22 21:25:36, Alert of possible infection in south_entry.
2024-05-22 21:25:51, Alert of possible infection in west_entry.
2024-05-22 21:25:56, Alert of possible infection in south_entry.
2024-05-22 21:26:01, Alert of possible infection in north_entry.
EMERGENCY!!! 2024-05-22 21:26:10, POWER OUTAGES. Emergency notification sent to all connected clients.
2024-05-22 21:26:16, Alert of possible infection in south_entry.
2024-05-22 21:26:31, Alert of possible infection in west_entry.
2024-05-22 21:26:41, Alert of possible infection in north_entry.
2024-05-22 21:26:51, Alert of possible infection in west_entry.
2024-05-22 21:26:56, Alert of possible infection in south_entry.
2024-05-22 21:27:11, Alert of possible infection in west_entry.
2024-05-22 21:27:16, Alert of possible infection in south_entry.
2024-05-22 21:27:31, Alert of possible infection in west_entry.
EMERGENCY!!! 2024-05-22 21:27:39, OTHER CRITICAL SITUATIONS. Emergency notification sent to all connected clients.
2024-05-22 21:27:41, Alert of possible infection in north_entry.
2024-05-22 21:27:51, Alert of possible infection in west_entry.
2024-05-22 21:28:01, Alert of possible infection in north_entry.
2024-05-22 21:28:06, Alert of possible infection in east_entry.
2024-05-22 21:28:16, Alert of possible infection in south_entry.
2024-05-22 21:28:26, Alert of possible infection in east_entry.
2024-05-22 21:28:36, Alert of possible infection in south_entry.
2024-05-22 21:28:41, Alert of possible infection in north_entry.
2024-05-22 21:28:46, Alert of possible infection in east_entry.
2024-05-22 21:28:51, Alert of possible infection in west_entry.
2024-05-22 21:29:16, Alert of possible infection in south_entry.
EMERGENCY!!! 2024-05-22 21:29:16, POWER OUTAGES. Emergency notification sent to all connected clients.
2024-05-22 21:29:26, Alert of possible infection in east_entry.
2024-05-22 21:29:31, Alert of possible infection in west_entry.
2024-05-22 21:29:36, Alert of possible infection in south_entry.
2024-05-22 21:29:41, Alert of possible infection in north_entry.
2024-05-22 21:29:51, Alert of possible infection in west_entry.
2024-05-22 21:29:56, Alert of possible infection in south_entry.
2024-05-22 21:30:01, Alert of possible infection in north_entry.
2024-05-22 21:30:11, Alert of possible infection in west_entry.
2024-05-22 21:30:16, Alert of possible infection in south_entry.
2024-05-22 21:30:26, Alert of possible infection in east_entry.
2024-05-22 21:30:41, Alert of possible infection in north_entry.
2024-05-22 21:30:46, Alert of possible infection in east_entry.
2024-05-22 21:30:51, Alert of possible infection in west_entry.
EMERGENCY!!! 2024-05-22 21:31:10, OTHER CRITICAL SITUATIONS. Emergency notification sent to all connected clients.
2024-05-22 21:31:16, Alert of possible infection in south_entry.
2024-05-22 21:31:21, Alert of possible infection in north_entry.
2024-05-22 21:31:31, Alert of possible infection in west_entry.
2024-05-22 21:31:41, Alert of possible infection in north_entry.
2024-05-22 21:31:46, Alert of possible infection in east_entry.
2024-05-22 21:31:51, Alert of possible infection in west_entry.
2024-05-22 21:31:56, Alert of possible infection in south_entry.
2024-05-22 21:32:16, Alert of possible infection in south_entry.
2024-05-22 21:32:21, Alert of possible infection in north_entry.
2024-05-22 21:32:26, Alert of possible infection in east_entry.
2024-05-22 21:32:36, Alert of possible infection in south_entry.
2024-05-22 21:32:41, Alert of possible infection in north_entry.
2024-05-22 21:32:46, Alert of possible infection in east_entry.
2024-05-22 21:32:51, Alert of possible infection in west_entry.
EMERGENCY!!! 2024-05-22 21:33:11, OTHER CRITICAL SITUATIONS. Emergency notification sent to all connected clients.
2024-05-22 21:33:16, Alert of possible infection in south_entry.
2024-05-22 21:33:21, Alert of possible infection in north_entry.
2024-05-22 21:33:31, Alert of possible infection in west_entry.
2024-05-22 21:33:36, Alert of possible infection in south_entry.
2024-05-22 21:33:41, Alert of possible infection in north_entry.
2024-05-22 21:33:51, Alert of possible infection in west_entry.
2024-05-22 21:34:16, Alert of possible infection in south_entry.
2024-05-22 21:34:36, Alert of possible infection in south_entry.
2024-05-22 21:34:41, Alert of possible infection in north_entry.
2024-05-22 21:34:51, Alert of possible infection in west_entry.
2024-05-22 21:35:01, Alert of possible infection in north_entry.
2024-05-22 21:35:06, Alert of possible infection in east_entry.
2024-05-22 21:35:11, Alert of possible infection in west_entry.
2024-05-22 21:35:16, Alert of possible infection in south_entry.
2024-05-22 21:35:21, Alert of possible infection in north_entry.
EMERGENCY!!! 2024-05-22 21:35:22, POWER OUTAGES. Emergency notification sent to all connected clients.
2024-05-22 21:35:31, Alert of possible infection in west_entry.
2024-05-22 21:35:41, Alert of possible infection in north_entry.
2024-05-22 21:35:46, Alert of possible infection in east_entry.
2024-05-22 21:35:51, Alert of possible infection in west_entry.
2024-05-22 21:36:01, Alert of possible infection in north_entry.
2024-05-22 21:36:11, Alert of possible infection in west_entry.
2024-05-22 21:36:16, Alert of possible infection in south_entry.
2024-05-22 21:36:21, Alert of possible infection in north_entry.
2024-05-22 21:36:26, Alert of possible infection in east_entry.
2024-05-22 21:36:36, Alert of possible infection in south_entry.
2024-05-22 21:36:41, Alert of possible infection in north_entry.
2024-05-22 21:36:51, Alert of possible infection in west_entry.
2024-05-22 21:36:56, Alert of possible infection in south_entry.
2024-05-22 21:37:11, Alert of possible infection in west_entry.
2024-05-22 21:37:16, Alert of possible infection in south_entry.
2024-05-22 21:37:26, Alert of possible infection in east_entry.
2024-05-22 21:37:31, Alert of possible infection in west_entry.
2024-05-22 21:37:41, Alert of possible infection in north_entry.
EMERGENCY!!! 2024-05-22 21:37:43, OTHER CRITICAL SITUATIONS. Emergency notification sent to all connected clients.
2024-05-22 21:37:46, Alert of possible infection in east_entry.
2024-05-22 21:37:51, Alert of possible infection in west_entry.
2024-05-22 21:37:56, Alert of possible infection in south_entry.
2024-05-22 21:38:01, Alert of possible infection in north_entry.
2024-05-22 21:38:16, Alert of possible infection in south_entry.
2024-05-22 21:38:21, Alert of possible infection in north_entry.
2024-05-22 21:38:31, Alert of possible infection in west_entry.
2024-05-22 21:38:36, Alert of possible infection in south_entry.
2024-05-22 21:38:41, Alert of possible infection in north_entry.
2024-05-22 21:38:51, Alert of possible infection in west_entry.
2024-05-22 21:38:56, Alert of possible infection in south_entry.
EMERGENCY!!! 2024-05-22 21:38:59, OTHER CRITICAL SITUATIONS. Emergency notification sent to all connected clients.
2024-05-22 21:39:16, Alert of possible infection in south_entry.
2024-05-22 21:39:26, Alert of possible infection in east_entry.
2024-05-22 21:39:31, Alert of possible infection in west_entry.
2024-05-22 21:39:41, Alert of possible infection in north_entry.
2024-05-22 21:39:51, Alert of possible infection in west_entry.
2024-05-22 21:40:16, Alert of possible infection in south_entry.
2024-05-22 21:40:26, Alert of possible infection in east_entry.
EMERGENCY!!! 2024-05-22 21:40:31, POWER OUTAGES. Emergency notification sent to all connected clients.
2024-05-22 21:40:31, Alert of possible infection in west_entry.
2024-05-22 21:40:41, Alert of possible infection in north_entry.
2024-05-22 21:40:56, Alert of possible infection in south_entry.
2024-05-22 21:41:01, Alert of possible infection in north_entry.
2024-05-22 21:41:06, Alert of possible infection in east_entry.
2024-05-22 21:41:11, Alert of possible infection in west_entry.
2024-05-22 21:41:16, Alert of possible infection in south_entry.
2024-05-22 21:41:21, Alert of possible infection in north_entry.
2024-05-22 21:41:31, Alert of possible infection in west_entry.
2024-05-22 21:41:41, Alert of possible infection in north_entry.
2024-05-22 21:41:46, Alert of possible infection in east_entry.
EMERGENCY!!! 2024-05-22 21:41:50, POWER OUTAGES. Emergency notification sent to all connected clients.
2024-05-22 21:41:51, Alert of possible infection in west_entry.
2024-05-22 21:41:56, Alert of possible infection in south_entry.
2024-05-22 21:42:06, Alert of possible infection in east_entry.
2024-05-22 21:42:16, Alert of possible infection in south_entry.
2024-05-22 21:42:21, Alert of possible infection in north_entry.
2024-05-22 21:42:26, Alert of possible infection in east_entry.
2024-05-22 21:42:31, Alert of possible infection in west_entry.
2024-05-22 21:42:36, Alert of possible infection in south_entry.
2024-05-22 21:42:41, Alert of possible infection in north_entry.
2024-05-22 21:42:46, Alert of possible infection in east_entry.
2024-05-22 21:42:56, Alert of possible infection in south_entry.
2024-05-22 21:43:01, Alert of possible infection in north_entry.
2024-05-22 21:43:06, Alert of possible infection in east_entry.
2024-05-23 16:17:00, Alert of possible infection in north_entry.
2024-05-23 16:17:21, Alert of possible infection in east_entry.
2024-05-23 16:17:26, Alert of possible infection in west_entry.
2024-05-23 16:17:31, Alert of possible infection in south_entry.
2024-05-23 16:17:41, Alert of possible infection in east_entry.
2024-05-23 16:17:46, Alert of possible infection in west_entry.
2024-05-23 16:17:51, Alert of possible infection in south_entry.
2024-05-23 16:17:56, Alert of possible infection in north_entry.
2024-05-23 16:18:01, Alert of possible infection in east_entry.
2024-05-23 16:18:06, Alert of possible infection in west_entry.
2024-05-23 16:18:21, Alert of possible infection in east_entry.
2024-05-23 16:18:31, Alert of possible infection in south_entry.
2024-05-23 16:18:41, Alert of possible infection in east_entry.
2024-05-23 16:18:46, Alert of possible infection in west_entry.
EMERGENCY!!! 2024-05-23 16:18:48, POWER OUTAGES. Emergency notification sent to all connected clients.
2024-05-23 16:18:51, Alert of possible infection in south_entry.
2024-05-23 16:18:56, Alert of possible infection in north_entry.
2024-05-23 16:19:01, Alert of possible infection in east_entry.
2024-05-23 16:19:06, Alert of possible infection in west_entry.
2024-05-23 16:19:16, Alert of possible infection in north_entry.
2024-05-24 18:19:01, Alert of possible infection in east_entry.
2024-05-24 18:19:06, Alert of possible infection in west_entry.
2024-05-24 18:19:11, Alert of possible infection in south_entry.
2024-05-24 18:19:16, Alert of possible infection in north_entry.
2024-05-24 18:19:26, Alert of possible infection in west_entry.
2024-05-24 18:19:29, Connection from new client (TCP)
2024-05-24 18:19:32, Connection close from client (TCP)
EMERGENCY!!! 2024-05-24 18:19:33, POWER OUTAGES. Emergency notification sent to all connected clients.
2024-05-24 18:19:33, Connection from new client (TCP)
2024-05-24 18:19:36, Alert of possible infection in north_entry.
2024-05-24 18:19:48, Connection close from client (TCP)
2024-05-24 18:19:48, Update of supplies from client (TCP)
2024-05-24 18:19:50, Connection from new client (TCP)
2024-05-24 18:19:51, Alert of possible infection in south_entry.
2024-05-24 18:19:52, Connection close from client (TCP)
2024-05-24 18:20:01, Alert of possible infection in east_entry.
2024-05-24 18:20:04, Connection from new client (UDP)
2024-05-24 18:20:06, Alert of possible infection in west_entry.
2024-05-24 18:43:30, Alert of possible infection in north_entry.
2024-05-24 18:43:39, Connection from new client (TCP)
2024-05-24 18:43:40, Alert of possible infection in west_entry.
2024-05-24 18:43:41, Connection close from client (TCP)
2024-05-24 18:43:43, Connection from new client (TCP)
2024-05-24 18:43:50, Connection close from client (TCP)
2024-05-24 18:43:50, Update of supplies from client (TCP)
2024-05-24 18:43:52, Connection from new client (TCP)
2024-05-24 18:43:54, Connection close from client (TCP)
2024-05-24 18:43:55, Alert of possible infection in east_entry.
2024-05-24 18:55:41, Alert of possible infection in north_entry.
2024-05-24 18:55:45, Connection from new client (TCP)
2024-05-24 18:55:46, Alert of possible infection in east_entry.
2024-05-24 18:55:48, Connection close from client (TCP)
2024-05-24 18:55:50, Connection from new client (TCP)
2024-05-24 18:56:06, Alert of possible infection in east_entry.
2024-05-24 18:56:16, Alert of possible infection in south_entry.
2024-05-24 18:56:26, Alert of possible infection in east_entry.
2024-05-24 18:56:31, Alert of possible infection in west_entry.
2024-05-24 18:56:41, Alert of possible infection in north_entry.
2024-05-24 18:56:51, Alert of possible infection in west_entry.
2024-05-24 18:57:01, Alert of possible infection in north_entry.
2024-05-24 18:57:06, Alert of possible infection in east_entry.
2024-05-24 18:57:11, Alert of possible infection in west_entry.
EMERGENCY!!! 2024-05-24 18:57:19, OTHER CRITICAL SITUATIONS. Emergency notification sent to all connected clients.
2024-05-24 18:57:21, Alert of possible infection in north_entry.
2024-05-24 18:57:24, Connection close from client (TCP)
2024-05-24 18:57:26, Alert of possible infection in east_entry.
2024-05-24 18:57:31, Alert of possible infection in west_entry.
2024-05-24 18:57:41, Alert of possible infection in north_entry.
2024-05-24 18:57:46, Alert of possible infection in east_entry.
2024-05-24 18:58:01, Alert of possible infection in north_entry.
2024-05-24 18:58:06, Alert of possible infection in east_entry.
2024-05-24 18:58:11, Alert of possible infection in west_entry.
2024-05-24 18:58:16, Alert of possible infection in south_entry.
2024-05-24 18:58:21, Alert of possible infection in north_entry.
EMERGENCY!!! 2024-05-24 18:58:27, OTHER CRITICAL SITUATIONS. Emergency notification sent to all connected clients.
2024-05-24 18:58:31, Alert of possible infection in west_entry.
2024-05-24 18:58:41, Alert of possible infection in north_entry.
2024-05-24 18:59:06, Alert of possible infection in east_entry.
2024-05-24 18:59:21, Alert of possible infection in north_entry.
EMERGENCY!!! 2024-05-24 18:59:28, POWER OUTAGES. Emergency notification sent to all connected clients.
2024-05-24 18:59:31, Alert of possible infection in west_entry.
2024-05-24 18:59:41, Alert of possible infection in north_entry.
2024-05-24 19:00:01, Alert of possible infection in north_entry.
2024-05-24 19:00:06, Alert of possible infection in east_entry.
2024-05-24 19:00:11, Alert of possible infection in west_entry.
2024-05-24 19:00:16, Alert of possible infection in south_entry.
EMERGENCY!!! 2024-05-24 19:00:18, POWER OUTAGES. Emergency notification sent to all connected clients.
2024-05-24 19:00:31, Alert of possible infection in west_entry.
2024-05-24 19:00:41, Alert of possible infection in north_entry.
2024-05-24 19:00:51, Alert of possible infection in west_entry.
2024-05-24 19:01:01, Alert of possible infection in north_entry.
2024-05-24 19:01:06, Alert of possible infection in east_entry.
2024-05-24 19:01:31, Alert of possible infection in west_entry.
EMERGENCY!!! 2024-05-24 19:01:40, OTHER CRITICAL SITUATIONS. Emergency notification sent to all connected clients.
2024-05-24 19:01:41, Alert of possible infection in north_entry.
2024-05-24 19:01:46, Alert of possible infection in east_entry.
2024-05-24 19:01:56, Alert of possible infection in south_entry.
2024-05-24 19:02:06, Alert of possible infection in east_entry.
2024-05-24 19:02:11, Alert of possible infection in west_entry.
EMERGENCY!!! 2024-05-24 19:02:16, OTHER CRITICAL SITUATIONS. Emergency notification sent to all connected clients.
2024-05-24 19:02:31, Alert of possible infection in west_entry.
2024-05-24 19:03:26, Alert of possible infection in north_entry.
2024-05-24 19:03:31, Connection from new client (TCP)
2024-05-24 19:03:31, Alert of possible infection in east_entry.
2024-05-24 19:03:36, Alert of possible infection in west_entry.
2024-05-24 19:03:41, Alert of possible infection in south_entry.
2024-05-24 19:03:56, Alert of possible infection in west_entry.
2024-05-24 19:04:06, Alert of possible infection in north_entry.
2024-05-24 19:04:16, Alert of possible infection in west_entry.
2024-05-24 19:04:21, Alert of possible infection in south_entry.
2024-05-24 19:04:21, Connection from new client (TCP)
EMERGENCY!!! 2024-05-24 19:04:25, OTHER CRITICAL SITUATIONS. Emergency notification sent to all connected clients.
2024-05-24 19:04:31, Alert of possible infection in east_entry.
2024-05-24 19:04:36, Alert of possible infection in west_entry.
2024-05-24 19:04:41, Alert of possible infection in south_entry.
2024-05-24 19:04:51, Alert of possible infection in east_entry.
2024-05-24 19:04:56, Alert of possible infection in west_entry.
2024-05-24 19:05:00, Connection close from client (TCP)
2024-05-24 19:05:06, Alert of possible infection in north_entry.
2024-05-24 19:05:16, Alert of possible infection in west_entry.
2024-05-24 19:05:19, Connection from new client (TCP)
EMERGENCY!!! 2024-05-24 19:05:26, POWER OUTAGES. Emergency notification sent to all connected clients.
2024-05-24 19:05:26, Alert of possible infection in north_entry.
2024-05-24 19:05:31, Alert of possible infection in east_entry.
2024-05-24 19:05:36, Alert of possible infection in west_entry.
2024-05-24 19:05:41, Alert of possible infection in south_entry.
2024-05-24 19:05:43, Connection from new client (TCP)
2024-05-24 19:06:01, Alert of possible infection in south_entry.
2024-05-24 19:06:06, Alert of possible infection in north_entry.
2024-05-24 19:06:11, Alert of possible infection in east_entry.
2024-05-24 19:06:21, Alert of possible infection in south_entry.
2024-05-24 19:06:26, Alert of possible infection in north_entry.
2024-05-24 19:06:31, Alert of possible infection in east_entry.
2024-05-24 19:06:36, Alert of possible infection in west_entry.
2024-05-24 19:06:41, Alert of possible infection in south_entry.
2024-05-24 19:06:51, Alert of possible infection in east_entry.
2024-05-24 19:06:56, Alert of possible infection in west_entry.
2024-05-24 19:07:01, Alert of possible infection in south_entry.
2024-05-24 19:07:02, Connection close from client (TCP)
2024-05-24 19:07:06, Alert of possible infection in north_entry.
2024-05-24 19:07:08, Connection close from client (TCP)
EMERGENCY!!! 2024-05-24 19:07:13, OTHER CRITICAL SITUATIONS. Emergency notification sent to all connected clients.
2024-05-24 19:07:15, Connection from new client (TCP)
2024-05-24 19:07:20, Connection from new client (TCP)
2024-05-24 19:07:26, Alert of possible infection in north_entry.
2024-05-24 19:07:31, Alert of possible infection in east_entry.
2024-05-24 19:07:41, Alert of possible infection in south_entry.
2024-05-24 19:07:51, Alert of possible infection in east_entry.
2024-05-24 19:07:56, Alert of possible infection in west_entry.
2024-05-24 19:08:01, Alert of possible infection in south_entry.
2024-05-24 19:08:06, Alert of possible infection in north_entry.
2024-05-24 19:08:11, Alert of possible infection in east_entry.
2024-05-24 19:08:16, Alert of possible infection in west_entry.
EMERGENCY!!! 2024-05-24 19:08:22, OTHER CRITICAL SITUATIONS. Emergency notification sent to all connected clients.
2024-05-24 19:08:31, Alert of possible infection in east_entry.
2024-05-24 19:08:41, Alert of possible infection in south_entry.
2024-05-24 19:08:51, Alert of possible infection in east_entry.
2024-05-24 19:08:56, Alert of possible infection in west_entry.
2024-05-24 19:09:01, Alert of possible infection in south_entry.
2024-05-24 19:09:06, Alert of possible infection in north_entry.
2024-05-24 19:09:11, Alert of possible infection in east_entry.
2024-05-24 19:09:37, Alert of possible infection in north_entry.
2024-05-24 19:09:41, Connection from new client (TCP)
2024-05-24 19:09:42, Alert of possible infection in east_entry.
2024-05-24 19:09:52, Alert of possible infection in south_entry.
2024-05-24 19:10:02, Alert of possible infection in east_entry.
2024-05-24 19:10:07, Alert of possible infection in west_entry.
2024-05-24 19:10:12, Alert of possible infection in south_entry.
2024-05-24 19:10:17, Alert of possible infection in north_entry.
EMERGENCY!!! 2024-05-24 19:10:21, OTHER CRITICAL SITUATIONS. Emergency notification sent to all connected clients.
2024-05-24 19:10:27, Alert of possible infection in west_entry.
2024-05-24 19:10:52, Alert of possible infection in south_entry.
2024-05-24 19:11:02, Alert of possible infection in east_entry.
2024-05-24 19:11:07, Alert of possible infection in west_entry.
2024-05-24 19:11:17, Alert of possible infection in north_entry.
2024-05-24 19:11:27, Alert of possible infection in west_entry.
2024-05-24 19:11:32, Alert of possible infection in south_entry.
2024-05-24 19:11:52, Alert of possible infection in south_entry.
2024-05-24 19:11:57, Alert of possible infection in north_entry.
2024-05-24 19:12:02, Alert of possible infection in east_entry.
2024-05-24 19:12:12, Alert of possible infection in south_entry.
2024-05-24 19:12:18, Alert of possible infection in north_entry.
2024-05-24 19:12:23, Alert of possible infection in east_entry.
EMERGENCY!!! 2024-05-24 19:12:36, OTHER CRITICAL SITUATIONS. Emergency notification sent to all connected clients.
2024-05-24 19:12:38, Alert of possible infection in north_entry.
2024-05-24 19:12:43, Alert of possible infection in east_entry.
2024-05-24 19:12:48, Alert of possible infection in west_entry.
2024-05-24 19:12:53, Alert of possible infection in south_entry.
2024-05-24 19:13:03, Alert of possible infection in east_entry.
2024-05-24 19:13:05, Connection close from client (TCP)
2024-05-24 19:13:08, Alert of possible infection in west_entry.
2024-05-24 19:13:13, Alert of possible infection in south_entry.
2024-05-24 19:13:18, Alert of possible infection in north_entry.
2024-05-24 19:13:23, Alert of possible infection in east_entry.
2024-05-24 19:13:38, Alert of possible infection in north_entry.
2024-05-24 19:13:43, Alert of possible infection in east_entry.
2024-05-24 19:13:48, Alert of possible infection in west_entry.
2024-05-24 19:13:58, Alert of possible infection in north_entry.
2024-05-24 19:14:03, Alert of possible infection in east_entry.
2024-05-24 19:14:08, Alert of possible infection in west_entry.
2024-05-24 19:14:13, Alert of possible infection in south_entry.
2024-05-24 19:14:18, Alert of possible infection in north_entry.
EMERGENCY!!! 2024-05-24 19:14:19, OTHER CRITICAL SITUATIONS. Emergency notification sent to all connected clients.
2024-05-24 19:14:23, Alert of possible infection in east_entry.
2024-05-24 19:14:28, Connection from new client (UDP)
2024-05-24 19:14:38, Alert of possible infection in north_entry.
2024-05-24 19:14:58, Alert of possible infection in north_entry.
2024-05-24 19:15:03, Alert of possible infection in east_entry.
2024-05-24 19:15:08, Alert of possible infection in west_entry.
2024-05-24 19:15:13, Alert of possible infection in south_entry.
2024-05-24 19:15:23, Alert of possible infection in east_entry.
2024-05-24 19:15:38, Alert of possible infection in north_entry.
EMERGENCY!!! 2024-05-24 19:15:38, POWER OUTAGES. Emergency notification sent to all connected clients.
2024-05-24 19:15:43, Alert of possible infection in east_entry.
2024-05-24 19:15:48, Alert of possible infection in west_entry.
2024-05-24 19:15:53, Alert of possible infection in south_entry.
2024-05-24 19:15:58, Alert of possible infection in north_entry.
2024-05-24 19:16:03, Alert of possible infection in east_entry.
2024-05-24 19:16:08, Alert of possible infection in west_entry.
2024-05-24 19:16:13, Alert of possible infection in south_entry.
2024-05-24 19:16:38, Alert of possible infection in north_entry.
EMERGENCY!!! 2024-05-24 19:16:46, POWER OUTAGES. Emergency notification sent to all connected clients.
2024-05-24 19:16:48, Alert of possible infection in west_entry.
2024-05-24 19:16:53, Alert of possible infection in south_entry.
2024-05-24 19:16:58, Alert of possible infection in north_entry.
2024-05-24 19:17:03, Alert of possible infection in east_entry.
2024-05-24 19:17:13, Alert of possible infection in south_entry.
2024-05-24 19:17:18, Alert of possible infection in north_entry.
2024-05-24 19:17:23, Alert of possible infection in east_entry.
2024-05-24 19:17:38, Alert of possible infection in north_entry.
2024-05-24 19:17:53, Alert of possible infection in south_entry.
2024-05-24 19:18:03, Alert of possible infection in east_entry.
EMERGENCY!!! 2024-05-24 19:18:05, OTHER CRITICAL SITUATIONS. Emergency notification sent to all connected clients.
2024-05-24 19:18:08, Alert of possible infection in west_entry.
2024-05-24 19:18:23, Alert of possible infection in east_entry.
2024-05-24 19:18:33, Alert of possible infection in south_entry.
2024-05-24 19:18:38, Alert of possible infection in north_entry.
2024-05-24 19:18:43, Alert of possible infection in east_entry.
2024-05-24 19:19:03, Alert of possible infection in east_entry.
2024-05-24 19:19:08, Alert of possible infection in west_entry.
2024-05-24 19:19:13, Alert of possible infection in south_entry.
2024-05-24 19:19:23, Alert of possible infection in east_entry.
2024-05-24 19:19:28, Alert of possible infection in west_entry.
EMERGENCY!!! 2024-05-24 19:19:37, POWER OUTAGES. Emergency notification sent to all connected clients.
2024-05-24 19:19:38, Alert of possible infection in north_entry.
2024-05-24 19:19:43, Alert of possible infection in east_entry.
2024-05-24 19:19:48, Alert of possible infection in west_entry.
2024-05-24 19:19:53, Alert of possible infection in south_entry.
2024-05-24 19:20:03, Alert of possible infection in east_entry.
2024-05-24 19:20:08, Alert of possible infection in west_entry.
2024-05-24 19:20:18, Alert of possible infection in north_entry.
2024-05-24 19:20:28, Alert of possible infection in west_entry.
2024-05-24 19:20:38, Alert of possible infection in north_entry.
2024-05-24 19:20:58, Alert of possible infection in north_entry.
2024-05-24 19:21:03, Alert of possible infection in east_entry.
2024-05-24 19:21:13, Alert of possible infection in south_entry.
2024-05-24 19:21:23, Alert of possible infection in east_entry.
EMERGENCY!!! 2024-05-24 19:21:23, OTHER CRITICAL SITUATIONS. Emergency notification sent to all connected clients.
2024-05-24 19:21:28, Alert of possible infection in west_entry.
2024-05-24 19:21:33, Alert of possible infection in south_entry.
2024-05-24 19:21:38, Alert of possible infection in north_entry.
2024-05-24 19:21:43, Alert of possible infection in east_entry.
2024-05-24 19:21:53, Alert of possible infection in south_entry.
2024-05-24 19:22:03, Alert of possible infection in east_entry.
2024-05-24 19:22:08, Alert of possible infection in west_entry.
2024-05-24 19:22:13, Alert of possible infection in south_entry.
2024-05-24 19:22:23, Alert of possible infection in east_entry.
2024-05-24 19:22:28, Alert of possible infection in west_entry.
2024-05-24 19:22:38, Alert of possible infection in north_entry.
2024-05-24 19:22:43, Alert of possible infection in east_entry.
2024-05-24 19:22:48, Alert of possible infection in west_entry.
2024-05-24 19:22:58, Alert of possible infection in north_entry.
2024-05-25 01:02:03, Alert of possible infection in east_entry.
EMERGENCY!!! 2024-05-25 01:02:04, POWER OUTAGES. Emergency notification sent to all connected clients.
2024-05-25 01:02:13, Alert of possible infection in south_entry.
2024-05-25 22:30:23, Alert of possible infection in north_entry.
2024-05-25 22:30:28, Alert of possible infection in east_entry.
2024-05-25 22:30:38, Alert of possible infection in south_entry.
2024-05-25 22:30:44, Connection from new client (TCP)
2024-05-25 22:30:47, Connection from new client (TCP)
2024-05-25 22:30:48, Alert of possible infection in east_entry.
2024-05-25 22:30:53, Alert of possible infection in west_entry.
2024-05-25 22:30:56, Connection close from client (TCP)
2024-05-25 22:30:58, Alert of possible infection in south_entry.
2024-05-25 22:31:01, Connection close from client (TCP)
2024-05-25 22:31:03, Connection from new client (TCP)
2024-05-25 22:31:03, Alert of possible infection in north_entry.
2024-05-25 22:31:05, Connection from new client (TCP)
2024-05-25 22:31:08, Alert of possible infection in east_entry.
2024-05-25 22:31:13, Alert of possible infection in west_entry.
2024-05-25 22:31:18, Alert of possible infection in south_entry.
2024-05-25 22:31:24, Connection close from client (TCP)
2024-05-25 22:31:27, Connection close from client (TCP)
2024-05-25 22:31:28, Alert of possible infection in east_entry.
2024-05-25 22:31:33, Alert of possible infection in west_entry.
EMERGENCY!!! 2024-05-25 22:31:43, POWER OUTAGES. Emergency notification sent to all connected clients.
2024-05-25 22:31:43, Alert of possible infection in north_entry.
2024-05-25 22:31:48, Alert of possible infection in east_entry.
2024-05-25 22:31:53, Alert of possible infection in west_entry.
2024-05-25 22:31:58, Alert of possible infection in south_entry.
2024-05-25 22:32:03, Alert of possible infection in north_entry.
2024-05-25 22:32:08, Alert of possible infection in east_entry.
2024-05-25 22:32:13, Alert of possible infection in west_entry.
2024-05-25 22:32:18, Alert of possible infection in south_entry.
2024-05-25 22:32:23, Alert of possible infection in north_entry.
2024-05-25 22:32:28, Alert of possible infection in east_entry.
2024-05-25 22:32:33, Alert of possible infection in west_entry.
2024-05-25 22:32:38, Alert of possible infection in south_entry.
2024-05-25 22:32:53, Alert of possible infection in west_entry.
2024-05-25 22:32:58, Alert of possible infection in south_entry.
2024-05-25 22:33:03, Alert of possible infection in north_entry.
2024-05-25 22:33:13, Alert of possible infection in west_entry.
2024-05-25 22:33:23, Alert of possible infection in north_entry.
2024-05-25 22:33:28, Alert of possible infection in east_entry.
2024-05-25 22:33:43, Alert of possible infection in north_entry.
2024-05-25 22:33:53, Alert of possible infection in west_entry.
EMERGENCY!!! 2024-05-25 22:33:58, OTHER CRITICAL SITUATIONS. Emergency notification sent to all connected clients.
2024-05-25 22:34:03, Alert of possible infection in north_entry.
2024-05-25 22:34:08, Alert of possible infection in east_entry.
2024-05-25 22:34:13, Alert of possible infection in west_entry.
2024-05-25 22:34:23, Alert of possible infection in north_entry.
2024-05-25 22:34:27, Alert of possible infection in north_entry.
2024-05-25 22:34:30, Connection from new client (TCP)
2024-05-25 22:34:32, Alert of possible infection in east_entry.
2024-05-25 22:34:35, Connection from new client (TCP)
2024-05-25 22:34:37, Alert of possible infection in west_entry.
2024-05-25 22:34:42, Alert of possible infection in south_entry.
2024-05-25 22:34:57, Alert of possible infection in west_entry.
2024-05-25 22:35:07, Alert of possible infection in north_entry.
EMERGENCY!!! 2024-05-25 22:35:08, POWER OUTAGES. Emergency notification sent to all connected clients.
2024-05-25 22:35:17, Alert of possible infection in west_entry.
2024-05-25 22:35:27, Alert of possible infection in north_entry.
2024-05-25 22:35:37, Alert of possible infection in west_entry.
EMERGENCY!!! 2024-05-25 22:35:40, POWER OUTAGES. Emergency notification sent to all connected clients.
2024-05-25 22:35:42, Alert of possible infection in south_entry.
2024-05-25 22:35:52, Alert of possible infection in east_entry.
2024-05-25 22:35:57, Alert of possible infection in west_entry.
2024-05-25 22:36:02, Alert of possible infection in south_entry.
2024-05-25 22:36:07, Alert of possible infection in north_entry.
2024-05-25 22:36:12, Alert of possible infection in east_entry.
2024-05-25 22:36:31, Connection from new client (TCP)
2024-05-25 22:36:34, Alert of possible infection in east_entry.
2024-05-25 22:36:34, Connection from new client (TCP)
2024-05-25 22:36:39, Alert of possible infection in west_entry.
2024-05-25 22:36:49, Alert of possible infection in north_entry.
2024-05-25 22:37:04, Alert of possible infection in north_entry.
2024-05-25 22:37:09, Connection from new client (TCP)
2024-05-25 22:37:14, Alert of possible infection in west_entry.
2024-05-25 22:37:15, Connection from new client (TCP)
2024-05-25 22:37:24, Alert of possible infection in north_entry.
2024-05-25 22:38:08, Alert of possible infection in north_entry.
2024-05-25 22:38:13, Connection from new client (TCP)
2024-05-25 22:38:18, Connection from new client (TCP)
2024-05-25 22:38:28, Alert of possible infection in north_entry.
2024-05-27 21:39:45, Alert of possible infection in north_entry.
2024-05-27 21:39:55, Alert of possible infection in west_entry.
2024-05-27 21:40:10, Alert of possible infection in east_entry.
2024-05-27 21:40:15, Alert of possible infection in west_entry.
2024-05-27 21:40:20, Alert of possible infection in south_entry.
2024-05-27 21:40:25, Alert of possible infection in north_entry.
2024-05-27 21:40:30, Alert of possible infection in east_entry.
2024-05-27 21:40:35, Alert of possible infection in west_entry.
2024-05-27 21:40:40, Alert of possible infection in south_entry.
EMERGENCY!!! 2024-05-27 21:40:44, POWER OUTAGES. Emergency notification sent to all connected clients.
2024-05-27 21:40:45, Alert of possible infection in north_entry.
2024-05-27 21:40:50, Alert of possible infection in east_entry.
2024-05-27 21:40:55, Alert of possible infection in west_entry.
2024-05-27 21:41:00, Alert of possible infection in south_entry.
2024-05-27 21:41:10, Alert of possible infection in east_entry.
2024-05-27 21:41:15, Alert of possible infection in west_entry.
2024-05-27 21:41:20, Alert of possible infection in south_entry.
2024-05-27 21:41:25, Alert of possible infection in north_entry.
2024-05-27 21:41:30, Alert of possible infection in east_entry.
2024-05-27 21:41:35, Alert of possible infection in west_entry.
2024-05-27 21:41:40, Alert of possible infection in south_entry.
2024-05-27 21:41:45, Alert of possible infection in north_entry.
2024-05-27 21:41:55, Alert of possible infection in west_entry.
2024-05-27 21:42:00, Alert of possible infection in south_entry.
2024-05-27 21:42:15, Alert of possible infection in west_entry.
2024-05-27 21:42:20, Alert of possible infection in south_entry.
2024-05-27 21:42:25, Alert of possible infection in north_entry.
EMERGENCY!!! 2024-05-27 21:42:39, OTHER CRITICAL SITUATIONS. Emergency notification sent to all connected clients.
2024-05-27 21:42:40, Alert of possible infection in south_entry.
2024-05-27 21:42:45, Alert of possible infection in north_entry.
2024-05-27 21:42:55, Alert of possible infection in west_entry.
2024-05-27 21:43:04, Connection from new client (TCP)
2024-05-27 21:43:10, Alert of possible infection in east_entry.
2024-05-27 21:43:20, Alert of possible infection in south_entry.
2024-05-27 21:43:25, Alert of possible infection in north_entry.
2024-05-27 21:43:35, Alert of possible infection in west_entry.
EMERGENCY!!! 2024-05-27 21:43:40, POWER OUTAGES. Emergency notification sent to all connected clients.
2024-05-27 21:43:40, Alert of possible infection in south_entry.
2024-05-27 21:43:45, Alert of possible infection in north_entry.
2024-05-27 21:43:49, Connection close from client (TCP)
2024-05-27 21:43:50, Alert of possible infection in east_entry.
2024-05-27 21:43:55, Alert of possible infection in west_entry.
2024-05-27 21:44:00, Alert of possible infection in south_entry.
2024-05-27 21:44:20, Alert of possible infection in south_entry.
2024-05-27 21:44:25, Alert of possible infection in north_entry.
2024-05-27 21:44:35, Alert of possible infection in west_entry.
2024-05-27 21:44:40, Alert of possible infection in south_entry.
2024-05-27 21:44:45, Alert of possible infection in north_entry.
2024-05-27 21:44:50, Alert of possible infection in east_entry.
2024-05-27 21:44:55, Alert of possible infection in west_entry.
2024-05-27 21:45:15, Alert of possible infection in west_entry.
2024-05-27 21:45:20, Alert of possible infection in south_entry.
2024-05-27 21:45:30, Alert of possible infection in east_entry.
2024-05-27 21:45:35, Alert of possible infection in west_entry.
EMERGENCY!!! 2024-05-27 21:45:37, POWER OUTAGES. Emergency notification sent to all connected clients.
2024-05-27 21:45:40, Alert of possible infection in south_entry.
2024-05-27 21:45:45, Alert of possible infection in north_entry.
2024-05-27 21:45:50, Alert of possible infection in east_entry.
2024-05-27 21:45:55, Alert of possible infection in west_entry.
2024-05-27 21:46:00, Alert of possible infection in south_entry.
EMERGENCY!!! 2024-05-27 21:46:10, POWER OUTAGES. Emergency notification sent to all connected clients.
2024-05-27 21:46:15, Alert of possible infection in west_entry.
2024-05-27 21:46:20, Alert of possible infection in south_entry.
2024-05-27 21:46:45, Alert of possible infection in north_entry.
2024-05-27 21:46:55, Alert of possible infection in west_entry.
2024-05-27 21:47:00, Alert of possible infection in south_entry.
2024-05-27 21:47:15, Alert of possible infection in west_entry.
2024-05-27 21:47:40, Connection from new client (TCP)
2024-05-27 21:47:45, Alert of possible infection in north_entry.
2024-05-27 21:47:50, Alert of possible infection in east_entry.
2024-05-27 21:47:55, Alert of possible infection in west_entry.
2024-05-27 21:48:06, Connection from new client (TCP)
2024-05-27 21:48:15, Alert of possible infection in west_entry.
2024-05-27 21:48:16, Connection close from client (TCP)
2024-05-27 21:48:20, Alert of possible infection in south_entry.
2024-05-27 21:48:21, Connection from new client (TCP)
2024-05-27 21:48:35, Alert of possible infection in west_entry.
2024-05-27 21:48:45, Alert of possible infection in north_entry.
2024-05-27 21:48:55, Alert of possible infection in west_entry.
2024-05-27 21:49:05, Alert of possible infection in north_entry.
EMERGENCY!!! 2024-05-27 21:49:10, POWER OUTAGES. Emergency notification sent to all connected clients.
2024-05-27 21:49:15, Alert of possible infection in west_entry.
2024-05-27 21:49:20, Alert of possible infection in south_entry.
2024-05-27 21:49:25, Alert of possible infection in north_entry.
2024-05-27 21:49:30, Alert of possible infection in east_entry.
2024-05-27 21:49:31, Connection close from client (TCP)
2024-05-27 21:49:36, Connection close from client (TCP)
2024-05-31 13:47:46, Alert of possible infection in west_entry.
2024-05-31 13:48:06, Alert of possible infection in west_entry.
2024-05-31 13:48:11, Alert of possible infection in south_entry.
2024-05-31 13:48:16, Alert of possible infection in north_entry.
2024-05-31 13:48:21, Alert of possible infection in east_entry.
2024-05-31 13:48:31, Alert of possible infection in south_entry.
2024-05-31 13:48:36, Alert of possible infection in north_entry.
2024-05-31 13:48:41, Alert of possible infection in east_entry.
2024-05-31 13:48:46, Alert of possible infection in west_entry.
2024-05-31 13:48:51, Alert of possible infection in south_entry.
2024-05-31 13:49:01, Alert of possible infection in east_entry.
2024-05-31 13:49:06, Alert of possible infection in west_entry.
2024-05-31 13:49:11, Alert of possible infection in south_entry.
2024-05-31 13:49:16, Alert of possible infection in north_entry.
2024-05-31 13:49:31, Alert of possible infection in south_entry.
2024-05-31 13:49:36, Alert of possible infection in north_entry.
2024-05-31 13:49:46, Alert of possible infection in west_entry.
EMERGENCY!!! 2024-05-31 13:49:51, POWER OUTAGES. Emergency notification sent to all connected clients.
2024-05-31 13:49:51, Alert of possible infection in south_entry.
2024-05-31 13:49:56, Alert of possible infection in north_entry.
2024-05-31 13:50:01, Alert of possible infection in east_entry.
2024-05-31 13:50:11, Alert of possible infection in south_entry.
2024-05-31 13:50:31, Alert of possible infection in south_entry.
2024-05-31 13:50:46, Alert of possible infection in west_entry.
2024-05-31 13:50:51, Alert of possible infection in south_entry.
2024-05-31 13:51:01, Alert of possible infection in east_entry.
2024-05-31 13:51:11, Alert of possible infection in south_entry.
2024-05-31 13:51:21, Alert of possible infection in east_entry.
2024-05-31 13:51:31, Alert of possible infection in south_entry.
2024-05-31 13:51:36, Alert of possible infection in north_entry.
2024-05-31 13:51:41, Alert of possible infection in east_entry.
2024-05-31 13:51:46, Alert of possible infection in west_entry.
2024-05-31 13:51:51, Alert of possible infection in south_entry.
2024-05-31 13:51:56, Alert of possible infection in north_entry.
2024-05-31 13:52:01, Alert of possible infection in east_entry.
2024-05-31 13:52:11, Alert of possible infection in south_entry.
EMERGENCY!!! 2024-05-31 13:52:18, POWER OUTAGES. Emergency notification sent to all connected clients.
2024-05-31 13:52:26, Alert of possible infection in west_entry.
2024-05-31 13:52:36, Alert of possible infection in north_entry.
2024-05-31 13:52:41, Alert of possible infection in east_entry.
2024-05-31 13:52:46, Alert of possible infection in west_entry.
2024-05-31 13:53:06, Alert of possible infection in west_entry.
2024-05-31 13:53:11, Alert of possible infection in south_entry.
2024-05-31 13:53:16, Alert of possible infection in north_entry.
EMERGENCY!!! 2024-05-31 13:53:21, OTHER CRITICAL SITUATIONS. Emergency notification sent to all connected clients.
2024-05-31 13:53:31, Alert of possible infection in south_entry.
2024-05-31 13:53:36, Alert of possible infection in north_entry.
2024-05-31 13:53:46, Alert of possible infection in west_entry.
2024-05-31 13:53:56, Alert of possible infection in north_entry.
2024-05-31 13:54:01, Alert of possible infection in east_entry.
2024-05-31 13:54:11, Alert of possible infection in south_entry.
2024-05-31 13:54:21, Alert of possible infection in east_entry.
2024-05-31 13:54:26, Alert of possible infection in west_entry.
2024-05-31 13:54:36, Alert of possible infection in north_entry.
2024-05-31 13:54:46, Alert of possible infection in west_entry.
2024-05-31 13:54:51, Alert of possible infection in south_entry.
2024-05-31 13:54:56, Alert of possible infection in north_entry.
2024-05-31 13:55:06, Alert of possible infection in west_entry.
EMERGENCY!!! 2024-05-31 13:55:08, POWER OUTAGES. Emergency notification sent to all connected clients.
2024-05-31 13:55:11, Alert of possible infection in south_entry.
2024-05-31 13:55:16, Alert of possible infection in north_entry.
2024-05-31 13:55:26, Alert of possible infection in west_entry.
2024-05-31 13:55:36, Alert of possible infection in north_entry.
2024-05-31 13:55:41, Alert of possible infection in east_entry.
2024-05-31 13:55:46, Alert of possible infection in west_entry.
2024-05-31 13:55:51, Alert of possible infection in south_entry.
2024-05-31 13:56:11, Alert of possible infection in south_entry.
2024-05-31 13:56:21, Alert of possible infection in east_entry.
EMERGENCY!!! 2024-05-31 13:56:25, OTHER CRITICAL SITUATIONS. Emergency notification sent to all connected clients.
2024-05-31 13:56:26, Alert of possible infection in west_entry.
2024-05-31 13:56:31, Alert of possible infection in south_entry.
2024-05-31 13:56:36, Alert of possible infection in north_entry.
2024-05-31 13:56:46, Alert of possible infection in west_entry.
2024-05-31 13:56:51, Alert of possible infection in south_entry.
2024-05-31 13:56:56, Alert of possible infection in north_entry.
2024-05-31 13:57:11, Alert of possible infection in south_entry.
2024-05-31 13:57:16, Alert of possible infection in north_entry.
EMERGENCY!!! 2024-05-31 13:57:19, POWER OUTAGES. Emergency notification sent to all connected clients.
2024-05-31 13:57:26, Alert of possible infection in west_entry.
2024-05-31 13:57:31, Alert of possible infection in south_entry.
2024-05-31 13:57:36, Alert of possible infection in north_entry.
2024-05-31 13:57:46, Alert of possible infection in west_entry.
2024-05-31 13:57:51, Alert of possible infection in south_entry.
2024-05-31 13:57:56, Alert of possible infection in north_entry.
2024-05-31 13:58:01, Alert of possible infection in east_entry.
2024-05-31 13:58:11, Alert of possible infection in south_entry.
2024-05-31 13:58:16, Alert of possible infection in north_entry.
2024-05-31 13:58:21, Alert of possible infection in east_entry.
2024-05-31 13:58:26, Alert of possible infection in west_entry.
2024-05-31 13:58:36, Alert of possible infection in north_entry.
2024-05-31 13:58:41, Alert of possible infection in east_entry.
2024-05-31 13:58:46, Alert of possible infection in west_entry.
2024-05-31 13:59:01, Alert of possible infection in east_entry.
EMERGENCY!!! 2024-05-31 13:59:07, OTHER CRITICAL SITUATIONS. Emergency notification sent to all connected clients.
2024-05-31 13:59:11, Alert of possible infection in south_entry.
2024-05-31 13:59:16, Alert of possible infection in north_entry.
2024-05-31 13:59:31, Alert of possible infection in south_entry.
2024-05-31 13:59:36, Alert of possible infection in north_entry.
EMERGENCY!!! 2024-05-31 13:59:39, POWER OUTAGES. Emergency notification sent to all connected clients.
2024-05-31 13:59:46, Alert of possible infection in west_entry.
2024-05-31 14:00:06, Alert of possible infection in west_entry.
2024-05-31 14:00:11, Alert of possible infection in south_entry.
2024-05-31 14:00:31, Alert of possible infection in south_entry.
2024-05-31 14:00:36, Alert of possible infection in north_entry.
2024-05-31 14:00:46, Alert of possible infection in west_entry.
2024-05-31 14:00:51, Alert of possible infection in south_entry.
2024-05-31 14:00:56, Alert of possible infection in north_entry.
2024-05-31 14:01:01, Alert of possible infection in east_entry.
2024-05-31 14:01:11, Alert of possible infection in south_entry.
2024-05-31 14:01:16, Alert of possible infection in north_entry.
2024-05-31 14:01:21, Alert of possible infection in east_entry.
2024-05-31 14:01:26, Alert of possible infection in west_entry.
2024-05-31 14:01:31, Alert of possible infection in south_entry.
2024-05-31 14:01:36, Alert of possible infection in north_entry.
2024-05-31 14:01:46, Alert of possible infection in west_entry.
EMERGENCY!!! 2024-05-31 14:01:50, POWER OUTAGES. Emergency notification sent to all connected clients.
2024-05-31 14:01:56, Alert of possible infection in north_entry.
2024-05-31 14:02:06, Alert of possible infection in west_entry.
2024-05-31 14:02:11, Alert of possible infection in south_entry.
2024-05-31 14:02:26, Alert of possible infection in west_entry.
2024-05-31 14:02:31, Alert of possible infection in south_entry.
2024-05-31 14:02:36, Alert of possible infection in north_entry.
2024-05-31 14:02:41, Alert of possible infection in east_entry.
2024-05-31 14:02:46, Alert of possible infection in west_entry.
2024-05-31 14:02:56, Alert of possible infection in north_entry.
2024-05-31 14:03:01, Alert of possible infection in east_entry.
2024-05-31 14:03:11, Alert of possible infection in south_entry.
2024-05-31 14:03:21, Alert of possible infection in east_entry.
2024-05-31 14:03:31, Alert of possible infection in south_entry.
2024-05-31 14:03:36, Alert of possible infection in north_entry.
2024-05-31 14:03:46, Alert of possible infection in west_entry.
2024-05-31 14:03:51, Alert of possible infection in south_entry.
EMERGENCY!!! 2024-05-31 14:03:53, POWER OUTAGES. Emergency notification sent to all connected clients.
2024-05-31 14:04:01, Alert of possible infection in east_entry.
2024-05-31 14:04:11, Alert of possible infection in south_entry.
2024-05-31 14:04:16, Alert of possible infection in north_entry.
EMERGENCY!!! 2024-05-31 14:04:24, POWER OUTAGES. Emergency notification sent to all connected clients.
2024-05-31 14:04:36, Alert of possible infection in north_entry.
2024-05-31 14:04:46, Alert of possible infection in west_entry.
2024-05-31 14:04:51, Alert of possible infection in south_entry.
2024-05-31 14:04:56, Alert of possible infection in north_entry.
2024-05-31 14:05:06, Alert of possible infection in west_entry.
2024-05-31 14:05:11, Alert of possible infection in south_entry.
2024-05-31 14:05:26, Alert of possible infection in west_entry.
2024-05-31 14:05:31, Alert of possible infection in south_entry.
2024-05-31 14:05:36, Alert of possible infection in north_entry.
2024-05-31 14:05:41, Alert of possible infection in east_entry.
2024-05-31 14:05:51, Alert of possible infection in south_entry.
2024-05-31 14:06:01, Alert of possible infection in east_entry.
2024-05-31 14:06:11, Alert of possible infection in south_entry.
2024-05-31 14:06:21, Alert of possible infection in east_entry.
2024-05-31 14:06:31, Alert of possible infection in south_entry.
2024-05-31 14:06:36, Alert of possible infection in north_entry.
EMERGENCY!!! 2024-05-31 14:06:38, POWER OUTAGES. Emergency notification sent to all connected clients.
2024-05-31 14:06:51, Alert of possible infection in south_entry.
2024-05-31 14:07:01, Alert of possible infection in east_entry.
2024-05-31 14:07:11, Alert of possible infection in south_entry.
2024-05-31 14:07:16, Alert of possible infection in north_entry.
2024-05-31 14:07:21, Alert of possible infection in east_entry.
EMERGENCY!!! 2024-05-31 14:07:23, POWER OUTAGES. Emergency notification sent to all connected clients.
2024-05-31 14:07:26, Alert of possible infection in west_entry.
2024-05-31 14:07:36, Alert of possible infection in north_entry.
2024-05-31 14:07:46, Alert of possible infection in west_entry.
2024-05-31 14:07:56, Alert of possible infection in north_entry.
2024-05-31 14:08:01, Alert of possible infection in east_entry.
2024-05-31 14:08:11, Alert of possible infection in south_entry.
2024-05-31 14:08:21, Alert of possible infection in east_entry.
2024-05-31 14:08:36, Alert of possible infection in north_entry.
2024-05-31 14:08:41, Alert of possible infection in east_entry.
2024-05-31 14:08:51, Alert of possible infection in south_entry.
2024-05-31 14:08:56, Alert of possible infection in north_entry.
2024-05-31 14:09:01, Alert of possible infection in east_entry.
2024-05-31 14:09:06, Alert of possible infection in west_entry.
2024-05-31 14:09:11, Alert of possible infection in south_entry.
2024-05-31 14:09:21, Alert of possible infection in east_entry.
EMERGENCY!!! 2024-05-31 14:09:24, OTHER CRITICAL SITUATIONS. Emergency notification sent to all connected clients.
2024-05-31 14:09:36, Alert of possible infection in north_entry.
2024-05-31 14:09:41, Alert of possible infection in east_entry.
2024-05-31 14:09:46, Alert of possible infection in west_entry.
2024-05-31 14:09:51, Alert of possible infection in south_entry.
2024-05-31 14:09:56, Alert of possible infection in north_entry.
2024-05-31 14:10:01, Alert of possible infection in east_entry.
2024-05-31 14:10:06, Alert of possible infection in west_entry.
2024-05-31 14:10:11, Alert of possible infection in south_entry.
2024-05-31 14:10:16, Alert of possible infection in north_entry.
2024-05-31 14:10:21, Alert of possible infection in east_entry.
2024-05-31 14:10:26, Alert of possible infection in west_entry.
2024-05-31 14:10:36, Alert of possible infection in north_entry.
2024-05-31 14:10:41, Alert of possible infection in east_entry.
2024-05-31 14:10:51, Alert of possible infection in south_entry.
2024-05-31 14:11:01, Alert of possible infection in east_entry.
2024-05-31 14:11:06, Alert of possible infection in west_entry.
2024-05-31 14:11:11, Alert of possible infection in south_entry.
EMERGENCY!!! 2024-05-31 14:11:27, POWER OUTAGES. Emergency notification sent to all connected clients.
2024-05-31 14:11:36, Alert of possible infection in north_entry.
2024-05-31 14:11:41, Alert of possible infection in east_entry.
2024-05-31 14:11:46, Alert of possible infection in west_entry.
2024-05-31 14:12:01, Alert of possible infection in east_entry.
2024-05-31 14:12:06, Alert of possible infection in west_entry.
2024-05-31 14:12:11, Alert of possible infection in south_entry.
2024-05-31 14:12:36, Alert of possible infection in north_entry.
EMERGENCY!!! 2024-05-31 14:12:53, OTHER CRITICAL SITUATIONS. Emergency notification sent to all connected clients.
2024-05-31 14:13:01, Alert of possible infection in east_entry.
2024-05-31 14:13:11, Alert of possible infection in south_entry.
2024-05-31 14:13:16, Alert of possible infection in north_entry.
EMERGENCY!!! 2024-05-31 14:13:35, OTHER CRITICAL SITUATIONS. Emergency notification sent to all connected clients.
2024-05-31 14:13:36, Alert of possible infection in north_entry.
2024-05-31 14:13:41, Alert of possible infection in east_entry.
2024-05-31 14:13:46, Alert of possible infection in west_entry.
2024-05-31 14:13:51, Alert of possible infection in south_entry.
2024-05-31 14:13:56, Alert of possible infection in north_entry.
2024-05-31 14:14:01, Alert of possible infection in east_entry.
2024-05-31 14:14:06, Alert of possible infection in west_entry.
2024-05-31 14:14:11, Alert of possible infection in south_entry.
2024-05-31 14:14:31, Alert of possible infection in south_entry.
EMERGENCY!!! 2024-05-31 14:14:35, OTHER CRITICAL SITUATIONS. Emergency notification sent to all connected clients.
2024-05-31 14:14:36, Alert of possible infection in north_entry.
2024-05-31 14:14:46, Alert of possible infection in west_entry.
2024-05-31 14:14:56, Alert of possible infection in north_entry.
2024-05-31 14:15:01, Alert of possible infection in east_entry.
2024-05-31 14:15:11, Alert of possible infection in south_entry.
2024-05-31 14:15:16, Alert of possible infection in north_entry.
2024-05-31 14:15:31, Alert of possible infection in south_entry.
2024-05-31 14:15:36, Alert of possible infection in north_entry.
2024-05-31 14:15:46, Alert of possible infection in west_entry.
2024-05-31 14:15:51, Alert of possible infection in south_entry.
2024-05-31 14:16:01, Alert of possible infection in east_entry.
2024-05-31 14:16:06, Alert of possible infection in west_entry.
2024-05-31 14:16:11, Alert of possible infection in south_entry.
2024-05-31 14:16:21, Alert of possible infection in east_entry.
2024-05-31 14:16:26, Alert of possible infection in west_entry.
EMERGENCY!!! 2024-05-31 14:16:35, POWER OUTAGES. Emergency notification sent to all connected clients.
2024-05-31 14:16:36, Alert of possible infection in north_entry.
2024-05-31 14:16:41, Alert of possible infection in east_entry.
2024-05-31 14:16:46, Alert of possible infection in west_entry.
2024-05-31 14:17:01, Alert of possible infection in east_entry.
2024-05-31 14:17:06, Alert of possible infection in west_entry.
EMERGENCY!!! 2024-05-31 14:17:09, OTHER CRITICAL SITUATIONS. Emergency notification sent to all connected clients.
2024-05-31 14:17:11, Alert of possible infection in south_entry.
2024-05-31 14:17:26, Alert of possible infection in west_entry.
2024-05-31 14:17:36, Alert of possible infection in north_entry.
2024-05-31 14:17:41, Alert of possible infection in east_entry.
2024-05-31 14:17:51, Alert of possible infection in south_entry.
2024-05-31 14:17:56, Alert of possible infection in north_entry.
2024-05-31 14:18:01, Alert of possible infection in east_entry.
2024-05-31 14:18:06, Alert of possible infection in west_entry.
2024-05-31 14:18:11, Alert of possible infection in south_entry.
EMERGENCY!!! 2024-05-31 14:18:12, OTHER CRITICAL SITUATIONS. Emergency notification sent to all connected clients.
2024-05-31 14:18:21, Alert of possible infection in east_entry.
2024-05-31 14:18:26, Alert of possible infection in west_entry.
2024-05-31 14:18:31, Alert of possible infection in south_entry.
2024-05-31 14:18:36, Alert of possible infection in north_entry.
2024-05-31 14:18:41, Alert of possible infection in east_entry.
2024-05-31 14:18:56, Alert of possible infection in north_entry.
2024-05-31 14:19:01, Alert of possible infection in east_entry.
2024-05-31 14:19:11, Alert of possible infection in south_entry.
2024-05-31 14:19:16, Alert of possible infection in north_entry.
2024-05-31 14:19:21, Alert of possible infection in east_entry.
2024-05-31 14:19:26, Alert of possible infection in west_entry.
2024-05-31 14:19:36, Alert of possible infection in north_entry.
2024-05-31 14:19:41, Alert of possible infection in east_entry.
2024-05-31 14:20:01, Alert of possible infection in east_entry.
2024-05-31 14:20:06, Alert of possible infection in west_entry.
2024-05-31 14:20:11, Alert of possible infection in south_entry.
2024-05-31 14:20:26, Alert of possible infection in west_entry.
2024-05-31 14:20:36, Alert of possible infection in north_entry.
EMERGENCY!!! 2024-05-31 14:20:40, OTHER CRITICAL SITUATIONS. Emergency notification sent to all connected clients.
2024-05-31 14:20:41, Alert of possible infection in east_entry.
2024-05-31 14:20:46, Alert of possible infection in west_entry.
2024-05-31 14:20:56, Alert of possible infection in north_entry.
2024-05-31 14:21:01, Alert of possible infection in east_entry.
2024-05-31 14:21:06, Alert of possible infection in west_entry.
2024-05-31 14:21:11, Alert of possible infection in south_entry.
2024-05-31 14:21:16, Alert of possible infection in north_entry.
2024-05-31 14:21:26, Alert of possible infection in west_entry.
2024-05-31 14:21:31, Alert of possible infection in south_entry.
2024-05-31 14:21:36, Alert of possible infection in north_entry.
2024-05-31 14:21:41, Alert of possible infection in east_entry.
2024-05-31 14:21:51, Alert of possible infection in south_entry.
2024-05-31 14:21:56, Alert of possible infection in north_entry.
2024-05-31 14:22:01, Alert of possible infection in east_entry.
2024-05-31 14:22:06, Alert of possible infection in west_entry.
2024-05-31 14:22:16, Alert of possible infection in north_entry.
2024-05-31 14:22:21, Alert of possible infection in east_entry.
2024-05-31 14:22:26, Alert of possible infection in west_entry.
2024-05-31 14:22:31, Alert of possible infection in south_entry.
2024-05-31 14:22:36, Alert of possible infection in north_entry.
EMERGENCY!!! 2024-05-31 14:22:56, OTHER CRITICAL SITUATIONS. Emergency notification sent to all connected clients.
2024-05-31 14:22:56, Alert of possible infection in north_entry.
2024-05-31 14:23:01, Alert of possible infection in east_entry.
2024-05-31 14:23:16, Alert of possible infection in north_entry.
2024-05-31 14:23:21, Alert of possible infection in east_entry.
2024-05-31 14:23:26, Alert of possible infection in west_entry.
2024-05-31 14:23:36, Alert of possible infection in north_entry.
2024-05-31 14:23:46, Alert of possible infection in west_entry.
2024-05-31 14:23:51, Alert of possible infection in south_entry.
2024-05-31 14:23:56, Alert of possible infection in north_entry.
2024-05-31 14:24:01, Alert of possible infection in east_entry.
2024-05-31 14:24:16, Alert of possible infection in north_entry.
2024-05-31 14:24:21, Alert of possible infection in east_entry.
2024-05-31 14:24:26, Alert of possible infection in west_entry.
2024-05-31 14:24:36, Alert of possible infection in north_entry.
EMERGENCY!!! 2024-05-31 14:24:41, POWER OUTAGES. Emergency notification sent to all connected clients.
2024-05-31 14:24:41, Alert of possible infection in east_entry.
2024-05-31 14:24:46, Alert of possible infection in west_entry.
2024-05-31 14:24:56, Alert of possible infection in north_entry.
2024-05-31 14:25:01, Alert of possible infection in east_entry.
2024-05-31 14:25:06, Alert of possible infection in west_entry.
2024-05-31 14:25:11, Alert of possible infection in south_entry.
2024-05-31 14:25:16, Alert of possible infection in north_entry.
2024-05-31 14:25:26, Alert of possible infection in west_entry.
2024-05-31 14:25:31, Alert of possible infection in south_entry.
2024-05-31 14:25:36, Alert of possible infection in north_entry.
2024-05-31 14:25:52, Connection from new client (UDP)
2024-05-31 14:26:01, Alert of possible infection in east_entry.
EMERGENCY!!! 2024-05-31 14:26:08, OTHER CRITICAL SITUATIONS. Emergency notification sent to all connected clients.
2024-05-31 14:44:55, Alert of possible infection in north_entry.
2024-05-31 14:45:00, Alert of possible infection in east_entry.
2024-05-31 14:45:05, Alert of possible infection in west_entry.
2024-05-31 14:45:10, Alert of possible infection in south_entry.
2024-05-31 14:45:14, Connection from new client (UDP)
2024-05-31 14:45:25, Alert of possible infection in west_entry.
2024-05-31 14:45:30, Alert of possible infection in south_entry.
